2023-02-07 13:55:46.129482  [Program starting..] 
2023-02-07 13:55:46.189527  [Server listening on port 8085] 
2023-02-07 13:58:00.074509  [Program starting..] 
2023-02-07 13:58:00.145265  [Server listening on port 8085] 
2023-02-07 13:58:59.936431  [Program starting..] 
2023-02-07 13:58:59.998711  [Server listening on port 8085] 
2023-02-07 14:17:46.267199  [Program starting..] 
2023-02-07 14:17:46.320374  [Server listening on port 8085] 
2023-02-07 14:17:54.803077 /380055934/ [d007db40-a6e9-11ed-9029-49516802436e] called
2023-02-07 14:17:55.929849 /380055934/ [d0080250-a6e9-11ed-9029-49516802436e] called
2023-02-07 14:17:56.787829 /380055934/ [d00654a0-a6e9-11ed-9029-49516802436e] called
2023-02-07 14:19:22.861514  [Program starting..] 
2023-02-07 14:19:22.914058  [Server listening on port 8085] 
2023-02-07 14:19:29.995157 /380055934/ [09985651-a6ea-11ed-84e6-ad39390795bc] called
2023-02-07 14:19:31.139116 /380055934/ [09987d60-a6ea-11ed-84e6-ad39390795bc] called
2023-02-07 14:19:32.354980 /380055934/ [09971dd0-a6ea-11ed-84e6-ad39390795bc] called
2023-02-07 14:20:33.892711  [Program starting..] 
2023-02-07 14:20:33.949075  [Server listening on port 8085] 
2023-02-07 14:20:36.006311 /380055934/ [33ee3281-a6ea-11ed-8404-b980ec95dea3] called
2023-02-07 14:20:36.937124 /380055934/ [33ee5990-a6ea-11ed-8404-b980ec95dea3] called
2023-02-07 14:20:37.959793 /380055934/ [33ed2110-a6ea-11ed-8404-b980ec95dea3] called
2023-02-07 14:21:56.246772  [Program starting..] 
2023-02-07 14:21:56.317775  [Server listening on port 8085] 
2023-02-07 15:59:22.504073  [Program starting..] 
2023-02-07 15:59:22.554289  [Server listening on port 8085] 
2023-02-07 15:59:48.059753  [Program starting..] 
2023-02-07 15:59:48.111118  [Server listening on port 8085] 
2023-02-07 16:00:06.406448  [Program starting..] 
2023-02-07 16:00:06.454341  [Server listening on port 8085] 
2023-02-07 16:00:58.056772  [Program starting..] 
2023-02-07 16:00:58.110811  [Server listening on port 8085] 
2023-02-07 16:04:08.154182  [Program starting..] 
2023-02-07 16:04:08.203741  [Server listening on port 8085] 
2023-02-07 16:05:59.727980  [Program starting..] 
2023-02-07 16:05:59.775424  [Server listening on port 8085] 
2023-02-07 16:14:28.906901  [Program starting..] 
2023-02-07 16:14:28.955705  [Server listening on port 8085] 
2023-02-07 16:14:29.346242 /979661127/ [/start] called
2023-02-07 16:14:29.353075 /979661127/ [/start] called
2023-02-07 16:14:29.359279  [Error] Connection refused
#0      IOClient.send (package:http/src/io_client.dart:88:7)
<asynchronous suspension>
#1      BaseClient._sendUnstreamed (package:http/src/base_client.dart:93:32)
<asynchronous suspension>
#2      _withClient (package:http/http.dart:164:12)
<asynchronous suspension>
#3      mainMenuKeyboard.<anonymous closure> (file:///home/yukkop/Projects/gwp/vpn-system/vpn-telegram-bot/bin/pages/main.page.dart:83:7)
<asynchronous suspension>
#4      new Keyboard.function.<anonymous closure> (package:vpn_telegram_bot/page-giga-mega-trash/keyboard.hectic-tg.dart:19:29)
<asynchronous suspension>
#5      Page._render (package:vpn_telegram_bot/page-giga-mega-trash/page.hectic-tg.dart:105:38)
<asynchronous suspension>
#6      Page._constructRender.<anonymous closure> (package:vpn_telegram_bot/page-giga-mega-trash/page.hectic-tg.dart:70:7)
<asynchronous suspension>

2023-02-07 16:14:29.359918  [Error] Connection refused
#0      IOClient.send (package:http/src/io_client.dart:88:7)
<asynchronous suspension>
#1      BaseClient._sendUnstreamed (package:http/src/base_client.dart:93:32)
<asynchronous suspension>
#2      _withClient (package:http/http.dart:164:12)
<asynchronous suspension>
#3      mainMenuKeyboard.<anonymous closure> (file:///home/yukkop/Projects/gwp/vpn-system/vpn-telegram-bot/bin/pages/main.page.dart:83:7)
<asynchronous suspension>
#4      new Keyboard.function.<anonymous closure> (package:vpn_telegram_bot/page-giga-mega-trash/keyboard.hectic-tg.dart:19:29)
<asynchronous suspension>
#5      Page._render (package:vpn_telegram_bot/page-giga-mega-trash/page.hectic-tg.dart:105:38)
<asynchronous suspension>
#6      Page._constructRender.<anonymous closure> (package:vpn_telegram_bot/page-giga-mega-trash/page.hectic-tg.dart:70:7)
<asynchronous suspension>

2023-02-07 16:29:28.057531  [Program starting..] 
2023-02-07 16:29:28.111652  [Server listening on port 8085] 
2023-02-07 16:29:33.611902 /380055934/ [35db3041-a6fc-11ed-9443-89d01f1a503c] called
2023-02-07 16:29:33.619626  [Error] Connection refused
#0      IOClient.send (package:http/src/io_client.dart:88:7)
<asynchronous suspension>
#1      BaseClient._sendUnstreamed (package:http/src/base_client.dart:93:32)
<asynchronous suspension>
#2      _withClient (package:http/http.dart:164:12)
<asynchronous suspension>
#3      mainMenuKeyboard.<anonymous closure> (file:///home/yukkop/Projects/gwp/vpn-system/vpn-telegram-bot/bin/pages/main.page.dart:83:7)
<asynchronous suspension>
#4      new Keyboard.function.<anonymous closure> (package:vpn_telegram_bot/page-giga-mega-trash/keyboard.hectic-tg.dart:19:29)
<asynchronous suspension>
#5      Page._render (package:vpn_telegram_bot/page-giga-mega-trash/page.hectic-tg.dart:105:38)
<asynchronous suspension>
#6      Page._constructRender.<anonymous closure> (package:vpn_telegram_bot/page-giga-mega-trash/page.hectic-tg.dart:70:7)
<asynchronous suspension>

2023-02-07 16:29:53.417890 /380055934/ [35db3041-a6fc-11ed-9443-89d01f1a503c] called
2023-02-07 16:29:53.419808  [Error] Connection refused
#0      IOClient.send (package:http/src/io_client.dart:88:7)
<asynchronous suspension>
#1      BaseClient._sendUnstreamed (package:http/src/base_client.dart:93:32)
<asynchronous suspension>
#2      _withClient (package:http/http.dart:164:12)
<asynchronous suspension>
#3      mainMenuKeyboard.<anonymous closure> (file:///home/yukkop/Projects/gwp/vpn-system/vpn-telegram-bot/bin/pages/main.page.dart:83:7)
<asynchronous suspension>
#4      new Keyboard.function.<anonymous closure> (package:vpn_telegram_bot/page-giga-mega-trash/keyboard.hectic-tg.dart:19:29)
<asynchronous suspension>
#5      Page._render (package:vpn_telegram_bot/page-giga-mega-trash/page.hectic-tg.dart:105:38)
<asynchronous suspension>
#6      Page._constructRender.<anonymous closure> (package:vpn_telegram_bot/page-giga-mega-trash/page.hectic-tg.dart:70:7)
<asynchronous suspension>

2023-02-07 16:29:55.747196 /380055934/ [/start] called
2023-02-07 16:29:55.750815  [Error] Connection refused
#0      IOClient.send (package:http/src/io_client.dart:88:7)
<asynchronous suspension>
#1      BaseClient._sendUnstreamed (package:http/src/base_client.dart:93:32)
<asynchronous suspension>
#2      _withClient (package:http/http.dart:164:12)
<asynchronous suspension>
#3      mainMenuKeyboard.<anonymous closure> (file:///home/yukkop/Projects/gwp/vpn-system/vpn-telegram-bot/bin/pages/main.page.dart:83:7)
<asynchronous suspension>
#4      new Keyboard.function.<anonymous closure> (package:vpn_telegram_bot/page-giga-mega-trash/keyboard.hectic-tg.dart:19:29)
<asynchronous suspension>
#5      Page._render (package:vpn_telegram_bot/page-giga-mega-trash/page.hectic-tg.dart:105:38)
<asynchronous suspension>
#6      Page._constructRender.<anonymous closure> (package:vpn_telegram_bot/page-giga-mega-trash/page.hectic-tg.dart:70:7)
<asynchronous suspension>

2023-02-07 16:30:28.345454  [Program starting..] 
2023-02-07 16:30:28.396231  [Server listening on port 8085] 
2023-02-07 16:30:28.799695 /106708003/ [/start] called
2023-02-07 16:30:28.810646 /106708003/ [/start] called
2023-02-07 16:30:28.812199 /106708003/ [/start] called
2023-02-07 16:30:29.692402 /106708003/ [main-menu] /users status: 400
2023-02-07 16:30:29.695166 /106708003/ [main-menu] /users status: 400
2023-02-07 16:30:29.696858 /106708003/ [main-menu] /users status: 400
2023-02-07 16:30:30.037731 /380055934/ [59c7f740-a6fc-11ed-a851-fd3907795662] called
2023-02-07 16:30:30.146495 /106708003/ [/start] called
2023-02-07 16:30:30.612434 /106708003/ [main-menu] /users status: 400
2023-02-07 16:30:31.661653 /380055934/ [59c81e52-a6fc-11ed-a851-fd3907795662] called
2023-02-07 16:30:33.121504 /380055934/ [59c81e51-a6fc-11ed-a851-fd3907795662] called
2023-02-07 16:30:33.434106  [Error] Unsupported operation: Cannot add to a fixed-length list
#0      FixedLengthListMixin.add (dart:_internal/list.dart:21:5)
#1      regionStaff (file:///home/yukkop/Projects/gwp/vpn-system/vpn-telegram-bot/bin/pages/region/choice-region.page.dart:32:20)
#2      testPeriodChoiceRegionKeyboard.<anonymous closure> (file:///home/yukkop/Projects/gwp/vpn-system/vpn-telegram-bot/bin/pages/region/choice-region.page.dart:52:20)
<asynchronous suspension>
#3      new Keyboard.function.<anonymous closure> (package:vpn_telegram_bot/page-giga-mega-trash/keyboard.hectic-tg.dart:19:29)
<asynchronous suspension>
#4      Page._render (package:vpn_telegram_bot/page-giga-mega-trash/page.hectic-tg.dart:105:38)
<asynchronous suspension>
#5      Page._constructRender.<anonymous closure> (package:vpn_telegram_bot/page-giga-mega-trash/page.hectic-tg.dart:70:7)
<asynchronous suspension>

2023-02-07 16:30:38.411819 /106708003/ [59c7f741-a6fc-11ed-a851-fd3907795662] called
2023-02-07 16:30:39.242561 /380055934/ [59c81e50-a6fc-11ed-a851-fd3907795662] called
2023-02-07 16:30:40.159217 /380055934/ [59c7f740-a6fc-11ed-a851-fd3907795662] called
2023-02-07 16:30:40.337822 /106708003/ [59c7f740-a6fc-11ed-a851-fd3907795662] called
2023-02-07 16:30:41.698460 /380055934/ [59c81e52-a6fc-11ed-a851-fd3907795662] called
2023-02-07 16:30:42.122003 /106708003/ [59c81e52-a6fc-11ed-a851-fd3907795662] called
2023-02-07 16:30:42.822008 /380055934/ [59c81e51-a6fc-11ed-a851-fd3907795662] called
2023-02-07 16:30:43.131307  [Error] Unsupported operation: Cannot add to a fixed-length list
#0      FixedLengthListMixin.add (dart:_internal/list.dart:21:5)
#1      regionStaff (file:///home/yukkop/Projects/gwp/vpn-system/vpn-telegram-bot/bin/pages/region/choice-region.page.dart:32:20)
#2      testPeriodChoiceRegionKeyboard.<anonymous closure> (file:///home/yukkop/Projects/gwp/vpn-system/vpn-telegram-bot/bin/pages/region/choice-region.page.dart:52:20)
<asynchronous suspension>
#3      new Keyboard.function.<anonymous closure> (package:vpn_telegram_bot/page-giga-mega-trash/keyboard.hectic-tg.dart:19:29)
<asynchronous suspension>
#4      Page._render (package:vpn_telegram_bot/page-giga-mega-trash/page.hectic-tg.dart:105:38)
<asynchronous suspension>
#5      Page._constructRender.<anonymous closure> (package:vpn_telegram_bot/page-giga-mega-trash/page.hectic-tg.dart:70:7)
<asynchronous suspension>

2023-02-07 16:30:43.607280 /380055934/ [59c7f740-a6fc-11ed-a851-fd3907795662] called
2023-02-07 16:30:44.915838 /380055934/ [59c81e52-a6fc-11ed-a851-fd3907795662] called
2023-02-07 16:30:45.925383 /106708003/ [59c81e50-a6fc-11ed-a851-fd3907795662] called
2023-02-07 16:30:47.513911 /106708003/ [59c7f740-a6fc-11ed-a851-fd3907795662] called
2023-02-07 16:30:49.441026 /106708003/ [59c81e52-a6fc-11ed-a851-fd3907795662] called
2023-02-07 16:30:50.921880 /106708003/ [59c81e51-a6fc-11ed-a851-fd3907795662] called
2023-02-07 16:30:51.225118  [Error] Unsupported operation: Cannot add to a fixed-length list
#0      FixedLengthListMixin.add (dart:_internal/list.dart:21:5)
#1      regionStaff (file:///home/yukkop/Projects/gwp/vpn-system/vpn-telegram-bot/bin/pages/region/choice-region.page.dart:32:20)
#2      testPeriodChoiceRegionKeyboard.<anonymous closure> (file:///home/yukkop/Projects/gwp/vpn-system/vpn-telegram-bot/bin/pages/region/choice-region.page.dart:52:20)
<asynchronous suspension>
#3      new Keyboard.function.<anonymous closure> (package:vpn_telegram_bot/page-giga-mega-trash/keyboard.hectic-tg.dart:19:29)
<asynchronous suspension>
#4      Page._render (package:vpn_telegram_bot/page-giga-mega-trash/page.hectic-tg.dart:105:38)
<asynchronous suspension>
#5      Page._constructRender.<anonymous closure> (package:vpn_telegram_bot/page-giga-mega-trash/page.hectic-tg.dart:70:7)
<asynchronous suspension>

2023-02-07 16:30:56.256668 /106708003/ [59c7f740-a6fc-11ed-a851-fd3907795662] called
2023-02-07 16:30:57.222557 /106708003/ [59c7f741-a6fc-11ed-a851-fd3907795662] called
2023-02-07 16:30:58.952779 /106708003/ [59c7f740-a6fc-11ed-a851-fd3907795662] called
2023-02-07 16:31:00.573704 /106708003/ [59c81e52-a6fc-11ed-a851-fd3907795662] called
2023-02-07 16:31:02.106334 /106708003/ [59c81e51-a6fc-11ed-a851-fd3907795662] called
2023-02-07 16:31:02.403466  [Error] Unsupported operation: Cannot add to a fixed-length list
#0      FixedLengthListMixin.add (dart:_internal/list.dart:21:5)
#1      regionStaff (file:///home/yukkop/Projects/gwp/vpn-system/vpn-telegram-bot/bin/pages/region/choice-region.page.dart:32:20)
#2      testPeriodChoiceRegionKeyboard.<anonymous closure> (file:///home/yukkop/Projects/gwp/vpn-system/vpn-telegram-bot/bin/pages/region/choice-region.page.dart:52:20)
<asynchronous suspension>
#3      new Keyboard.function.<anonymous closure> (package:vpn_telegram_bot/page-giga-mega-trash/keyboard.hectic-tg.dart:19:29)
<asynchronous suspension>
#4      Page._render (package:vpn_telegram_bot/page-giga-mega-trash/page.hectic-tg.dart:105:38)
<asynchronous suspension>
#5      Page._constructRender.<anonymous closure> (package:vpn_telegram_bot/page-giga-mega-trash/page.hectic-tg.dart:70:7)
<asynchronous suspension>

2023-02-07 16:31:08.749657 /106708003/ [59c81e51-a6fc-11ed-a851-fd3907795662] called
2023-02-07 16:31:09.055987  [Error] Unsupported operation: Cannot add to a fixed-length list
#0      FixedLengthListMixin.add (dart:_internal/list.dart:21:5)
#1      regionStaff (file:///home/yukkop/Projects/gwp/vpn-system/vpn-telegram-bot/bin/pages/region/choice-region.page.dart:32:20)
#2      testPeriodChoiceRegionKeyboard.<anonymous closure> (file:///home/yukkop/Projects/gwp/vpn-system/vpn-telegram-bot/bin/pages/region/choice-region.page.dart:52:20)
<asynchronous suspension>
#3      new Keyboard.function.<anonymous closure> (package:vpn_telegram_bot/page-giga-mega-trash/keyboard.hectic-tg.dart:19:29)
<asynchronous suspension>
#4      Page._render (package:vpn_telegram_bot/page-giga-mega-trash/page.hectic-tg.dart:105:38)
<asynchronous suspension>
#5      Page._constructRender.<anonymous closure> (package:vpn_telegram_bot/page-giga-mega-trash/page.hectic-tg.dart:70:7)
<asynchronous suspension>

2023-02-07 16:31:12.656421 /106708003/ [59c7f740-a6fc-11ed-a851-fd3907795662] called
2023-02-07 16:31:14.634412 /106708003/ [59c7f741-a6fc-11ed-a851-fd3907795662] called
2023-02-07 16:31:16.342832 /106708003/ [59c7f740-a6fc-11ed-a851-fd3907795662] called
2023-02-07 16:32:42.111290 /380055934/ [59c81e51-a6fc-11ed-a851-fd3907795662] called
2023-02-07 16:32:42.600895  [Error] Unsupported operation: Cannot add to a fixed-length list
#0      FixedLengthListMixin.add (dart:_internal/list.dart:21:5)
#1      regionStaff (file:///home/yukkop/Projects/gwp/vpn-system/vpn-telegram-bot/bin/pages/region/choice-region.page.dart:32:20)
#2      testPeriodChoiceRegionKeyboard.<anonymous closure> (file:///home/yukkop/Projects/gwp/vpn-system/vpn-telegram-bot/bin/pages/region/choice-region.page.dart:52:20)
<asynchronous suspension>
#3      new Keyboard.function.<anonymous closure> (package:vpn_telegram_bot/page-giga-mega-trash/keyboard.hectic-tg.dart:19:29)
<asynchronous suspension>
#4      Page._render (package:vpn_telegram_bot/page-giga-mega-trash/page.hectic-tg.dart:105:38)
<asynchronous suspension>
#5      Page._constructRender.<anonymous closure> (package:vpn_telegram_bot/page-giga-mega-trash/page.hectic-tg.dart:70:7)
<asynchronous suspension>

2023-02-07 16:32:45.752004 /380055934/ [59c81e50-a6fc-11ed-a851-fd3907795662] called
2023-02-07 16:32:46.992695 /380055934/ [59c7f740-a6fc-11ed-a851-fd3907795662] called
2023-02-07 16:32:48.545762 /380055934/ [59c81e52-a6fc-11ed-a851-fd3907795662] called
2023-02-07 16:34:18.316941  [Program starting..] 
2023-02-07 16:34:18.370850  [Server listening on port 8085] 
2023-02-07 16:34:25.163664 /380055934/ [e2dd5980-a6fc-11ed-8a3b-ff47d73d5539] called
2023-02-07 16:34:26.994401 /380055934/ [e2dda7a1-a6fc-11ed-8a3b-ff47d73d5539] called
2023-02-07 16:34:27.957083 /380055934/ [e2dda7a0-a6fc-11ed-8a3b-ff47d73d5539] called
2023-02-07 16:34:28.320933  [Error] Unsupported operation: Cannot add to a fixed-length list
#0      FixedLengthListMixin.add (dart:_internal/list.dart:21:5)
#1      regionStaff (file:///home/yukkop/Projects/gwp/vpn-system/vpn-telegram-bot/bin/pages/region/choice-region.page.dart:32:20)
#2      testPeriodChoiceRegionKeyboard.<anonymous closure> (file:///home/yukkop/Projects/gwp/vpn-system/vpn-telegram-bot/bin/pages/region/choice-region.page.dart:52:20)
<asynchronous suspension>
#3      new Keyboard.function.<anonymous closure> (package:vpn_telegram_bot/page-giga-mega-trash/keyboard.hectic-tg.dart:19:29)
<asynchronous suspension>
#4      Page._render (package:vpn_telegram_bot/page-giga-mega-trash/page.hectic-tg.dart:105:38)
<asynchronous suspension>
#5      Page._constructRender.<anonymous closure> (package:vpn_telegram_bot/page-giga-mega-trash/page.hectic-tg.dart:70:7)
<asynchronous suspension>

2023-02-07 16:34:49.348474 /380055934/ [e2dda7a0-a6fc-11ed-8a3b-ff47d73d5539] called
2023-02-07 16:34:49.658763  [Error] Unsupported operation: Cannot add to a fixed-length list
#0      FixedLengthListMixin.add (dart:_internal/list.dart:21:5)
#1      regionStaff (file:///home/yukkop/Projects/gwp/vpn-system/vpn-telegram-bot/bin/pages/region/choice-region.page.dart:32:20)
#2      testPeriodChoiceRegionKeyboard.<anonymous closure> (file:///home/yukkop/Projects/gwp/vpn-system/vpn-telegram-bot/bin/pages/region/choice-region.page.dart:52:20)
<asynchronous suspension>
#3      new Keyboard.function.<anonymous closure> (package:vpn_telegram_bot/page-giga-mega-trash/keyboard.hectic-tg.dart:19:29)
<asynchronous suspension>
#4      Page._render (package:vpn_telegram_bot/page-giga-mega-trash/page.hectic-tg.dart:105:38)
<asynchronous suspension>
#5      Page._constructRender.<anonymous closure> (package:vpn_telegram_bot/page-giga-mega-trash/page.hectic-tg.dart:70:7)
<asynchronous suspension>

2023-02-07 16:34:49.933243 /380055934/ [e2dd5980-a6fc-11ed-8a3b-ff47d73d5539] called
2023-02-07 16:34:51.591443 /380055934/ [e2dd5981-a6fc-11ed-8a3b-ff47d73d5539] called
2023-02-07 16:34:53.645508 /380055934/ [e2dd5980-a6fc-11ed-8a3b-ff47d73d5539] called
2023-02-07 16:34:55.014598 /380055934/ [e2dda7a1-a6fc-11ed-8a3b-ff47d73d5539] called
2023-02-07 16:34:56.267195 /380055934/ [e2dda7a0-a6fc-11ed-8a3b-ff47d73d5539] called
2023-02-07 16:34:56.559356  [Error] Unsupported operation: Cannot add to a fixed-length list
#0      FixedLengthListMixin.add (dart:_internal/list.dart:21:5)
#1      regionStaff (file:///home/yukkop/Projects/gwp/vpn-system/vpn-telegram-bot/bin/pages/region/choice-region.page.dart:32:20)
#2      testPeriodChoiceRegionKeyboard.<anonymous closure> (file:///home/yukkop/Projects/gwp/vpn-system/vpn-telegram-bot/bin/pages/region/choice-region.page.dart:52:20)
<asynchronous suspension>
#3      new Keyboard.function.<anonymous closure> (package:vpn_telegram_bot/page-giga-mega-trash/keyboard.hectic-tg.dart:19:29)
<asynchronous suspension>
#4      Page._render (package:vpn_telegram_bot/page-giga-mega-trash/page.hectic-tg.dart:105:38)
<asynchronous suspension>
#5      Page._constructRender.<anonymous closure> (package:vpn_telegram_bot/page-giga-mega-trash/page.hectic-tg.dart:70:7)
<asynchronous suspension>

2023-02-07 16:39:05.099767  [Program starting..] 
2023-02-07 16:39:05.193569  [Server listening on port 8085] 
2023-02-07 16:39:07.034331 /380055934/ [8dd8dd50-a6fd-11ed-8a41-d597c6829865] called
2023-02-07 16:39:08.484758 /380055934/ [8dd95281-a6fd-11ed-8a41-d597c6829865] called
2023-02-07 16:39:09.547584 /380055934/ [8dd95280-a6fd-11ed-8a41-d597c6829865] called
2023-02-07 16:40:05.256050  [Program starting..] 
2023-02-07 16:40:05.345740  [Server listening on port 8085] 
2023-02-07 16:40:05.812655 /380055934/ [/start] called
2023-02-07 16:40:06.451773 /380055934/ [main-menu] /users status: 400
2023-02-07 16:40:07.430786 /380055934/ [b1b48d50-a6fd-11ed-9bc4-590059011397] called
2023-02-07 16:40:08.469601 /380055934/ [b1b46643-a6fd-11ed-9bc4-590059011397] called
2023-02-07 16:40:31.574324 /380055934/ [b1b43f30-a6fd-11ed-9bc4-590059011397] called
2023-02-07 16:40:32.969692 /380055934/ [b1b48d50-a6fd-11ed-9bc4-590059011397] called
2023-02-07 16:40:33.981349 /380055934/ [b1b46643-a6fd-11ed-9bc4-590059011397] called
2023-02-07 16:41:06.248376  [Program starting..] 
2023-02-07 16:41:06.330748  [Server listening on port 8085] 
2023-02-07 16:41:09.490744 /380055934/ [d60d3580-a6fd-11ed-bc05-c9e24d21395f] called
2023-02-07 16:41:10.534242 /380055934/ [d60daab0-a6fd-11ed-bc05-c9e24d21395f] called
2023-02-07 16:41:11.557147 /380055934/ [d60d83a1-a6fd-11ed-bc05-c9e24d21395f] called
2023-02-07 16:41:17.498464 /380055934/ [db9168f0-a6fd-11ed-bc05-c9e24d21395f] called
2023-02-07 16:41:51.256366 /380055934/ [d60daab0-a6fd-11ed-bc05-c9e24d21395f] called
2023-02-07 16:41:53.010933 /380055934/ [d60d83a1-a6fd-11ed-bc05-c9e24d21395f] called
2023-02-07 16:41:54.256689 /380055934/ [da462440-a6fd-11ed-bc05-c9e24d21395f] called
2023-02-08 10:09:12.456145  [Program starting..] 
2023-02-08 10:09:12.531682  [Server listening on port 8085] 
2023-02-08 10:10:14.398333  [Program starting..] 
2023-02-08 10:10:14.463206  [Server listening on port 8085] 
2023-02-08 10:13:40.061228 /380055934/ [/start] called
2023-02-08 10:13:41.438175 /380055934/ [main-menu] /users status: 500
2023-02-08 10:13:43.007557 /380055934/ [660d72c1-a790-11ed-aa2e-6d1f3cbf2a32] called
2023-02-08 10:13:44.325430 /380055934/ [660d72c0-a790-11ed-aa2e-6d1f3cbf2a32] called
2023-02-08 10:13:45.694649 /380055934/ [660caf71-a790-11ed-aa2e-6d1f3cbf2a32] called
2023-02-08 10:13:47.102087 /380055934/ [660cd680-a790-11ed-aa2e-6d1f3cbf2a32] called
2023-02-08 10:13:48.159389 /380055934/ [660caf71-a790-11ed-aa2e-6d1f3cbf2a32] called
2023-02-08 10:14:06.748799 /380055934/ [660cd680-a790-11ed-aa2e-6d1f3cbf2a32] called
2023-02-08 10:14:07.846272 /380055934/ [660caf71-a790-11ed-aa2e-6d1f3cbf2a32] called
2023-02-08 10:14:09.569096 /380055934/ [f127a5b0-a790-11ed-aa2e-6d1f3cbf2a32] called
2023-02-08 10:14:14.765347 /380055934/ [e32a68d0-a790-11ed-aa2e-6d1f3cbf2a32] called
2023-02-08 10:14:16.054165 /380055934/ [TestPeriodactivate] HttpClientException: 400 Bad Request: IMAGE_PROCESS_FAILED

2023-02-08 10:14:16.271306 /380055934/ [TestPeriodactivate] type 'Null' is not a subtype of type 'String'
#0      changeRegion (file:///home/yukkop/Projects/gwp/vpn-system/vpn-telegram-bot/bin/pages/region/change-region.action.dart:60:28)
<asynchronous suspension>

2023-02-08 10:14:21.616150 /380055934/ [/start] called
2023-02-08 10:14:22.224505 /380055934/ [main-menu] /users status: 200
2023-02-08 10:14:23.291486 /380055934/ [f127a5b0-a790-11ed-aa2e-6d1f3cbf2a32] called
2023-02-08 10:31:16.823576 /380055934/ [e32a41c0-a790-11ed-aa2e-6d1f3cbf2a32] called
2023-02-08 10:31:18.382800 /380055934/ [TestPeriodactivate] HttpClientException: 400 Bad Request: IMAGE_PROCESS_FAILED

2023-02-08 10:31:18.646794 /380055934/ [TestPeriodactivate] type 'Null' is not a subtype of type 'String'
#0      changeRegion (file:///home/yukkop/Projects/gwp/vpn-system/vpn-telegram-bot/bin/pages/region/change-region.action.dart:60:28)
<asynchronous suspension>

2023-02-08 10:31:25.418887 /380055934/ [/start] called
2023-02-08 10:31:26.003699 /380055934/ [main-menu] /users status: 200
2023-02-08 10:31:37.620751 /380055934/ [/start] called
2023-02-08 10:31:38.217352 /380055934/ [main-menu] /users status: 200
2023-02-08 10:31:39.900488 /380055934/ [f127a5b0-a790-11ed-aa2e-6d1f3cbf2a32] called
2023-02-08 10:31:45.744210 /380055934/ [e32a41c0-a790-11ed-aa2e-6d1f3cbf2a32] called
2023-02-08 10:31:47.051505 /380055934/ [TestPeriodactivate] HttpClientException: 400 Bad Request: IMAGE_PROCESS_FAILED

2023-02-08 10:31:47.276905 /380055934/ [TestPeriodactivate] type 'Null' is not a subtype of type 'String'
#0      changeRegion (file:///home/yukkop/Projects/gwp/vpn-system/vpn-telegram-bot/bin/pages/region/change-region.action.dart:60:28)
<asynchronous suspension>

2023-02-08 10:33:37.017264 /380055934/ [660d72c1-a790-11ed-aa2e-6d1f3cbf2a32] called
2023-02-08 10:33:38.399414 /380055934/ [660d72c0-a790-11ed-aa2e-6d1f3cbf2a32] called
2023-02-08 10:33:39.521368 /380055934/ [e32a68d0-a790-11ed-aa2e-6d1f3cbf2a32] called
2023-02-08 10:34:20.571435 /380055934/ [TestPeriodactivate] HttpClientException: 400 Bad Request: IMAGE_PROCESS_FAILED

2023-02-08 10:34:28.240609  [Program starting..] 
2023-02-08 10:34:28.302415  [Server listening on port 8085] 
2023-02-08 10:34:28.731033 /380055934/ [/start] called
2023-02-08 10:34:29.353444 /380055934/ [main-menu] /users status: 200
2023-02-08 10:34:30.748461 /380055934/ [c89ac251-a793-11ed-a789-39324f5fe5e0] called
2023-02-08 10:34:35.156049 /380055934/ [c89a4d20-a793-11ed-a789-39324f5fe5e0] called
2023-02-08 10:34:39.230086 /380055934/ [c89ac251-a793-11ed-a789-39324f5fe5e0] called
2023-02-08 10:34:40.302705 /380055934/ [c89ac250-a793-11ed-a789-39324f5fe5e0] called
2023-02-08 10:34:41.458456 /380055934/ [cfc32fe0-a793-11ed-a789-39324f5fe5e0] called
2023-02-08 10:34:44.846975 /380055934/ [TestPeriodactivate] HttpClientException: 400 Bad Request: IMAGE_PROCESS_FAILED

2023-02-08 10:34:45.077948 /380055934/ [TestPeriodactivate] type 'Null' is not a subtype of type 'String'
#0      changeRegion (file:///home/yukkop/Projects/gwp/vpn-system/vpn-telegram-bot/bin/pages/region/change-region.action.dart:60:28)
<asynchronous suspension>

2023-02-08 10:39:21.964808 /380055934/ [c89ac251-a793-11ed-a789-39324f5fe5e0] called
2023-02-08 10:39:24.592582 /380055934/ [c89a4d20-a793-11ed-a789-39324f5fe5e0] called
2023-02-08 10:39:25.625728 /380055934/ [c89ac251-a793-11ed-a789-39324f5fe5e0] called
2023-02-08 10:39:29.944650 /380055934/ [c89a4d20-a793-11ed-a789-39324f5fe5e0] called
2023-02-08 10:39:36.737727  [Program starting..] 
2023-02-08 10:39:36.831314  [Server listening on port 8085] 
2023-02-08 10:39:40.066006 /380055934/ [8087b850-a794-11ed-8b63-e57543794bec] called
2023-02-08 10:39:40.075773  [Error] Connection refused
#0      IOClient.send (package:http/src/io_client.dart:88:7)
<asynchronous suspension>
#1      BaseClient._sendUnstreamed (package:http/src/base_client.dart:93:32)
<asynchronous suspension>
#2      _withClient (package:http/http.dart:164:12)
<asynchronous suspension>
#3      mainMenuKeyboard.<anonymous closure> (file:///home/yukkop/Projects/gwp/vpn-system/vpn-telegram-bot/bin/pages/main.page.dart:83:7)
<asynchronous suspension>
#4      new Keyboard.function.<anonymous closure> (package:vpn_telegram_bot/page-giga-mega-trash/keyboard.hectic-tg.dart:19:29)
<asynchronous suspension>
#5      Page._render (package:vpn_telegram_bot/page-giga-mega-trash/page.hectic-tg.dart:105:38)
<asynchronous suspension>
#6      Page._constructRender.<anonymous closure> (package:vpn_telegram_bot/page-giga-mega-trash/page.hectic-tg.dart:70:7)
<asynchronous suspension>

2023-02-08 10:39:55.225557 /380055934/ [8087b850-a794-11ed-8b63-e57543794bec] called
2023-02-08 10:39:58.152247 /380055934/ [80882d81-a794-11ed-8b63-e57543794bec] called
2023-02-08 10:39:59.688462 /380055934/ [80882d80-a794-11ed-8b63-e57543794bec] called
2023-02-08 10:40:01.147665 /380055934/ [8dfc3d30-a794-11ed-8b63-e57543794bec] called
2023-02-08 10:45:50.194587  [Program starting..] 
2023-02-08 10:45:50.274420  [Server listening on port 8085] 
2023-02-08 10:45:58.208690 /380055934/ [/start] called
2023-02-08 10:45:58.416917 /380055934/ [main-menu] /users status: 200
2023-02-08 10:45:59.875771 /380055934/ [5f1cebd1-a795-11ed-aa9a-61a22a00b0f3] called
2023-02-08 10:46:00.852136 /380055934/ [5f1cebd0-a795-11ed-aa9a-61a22a00b0f3] called
2023-02-08 10:46:01.819940 /380055934/ [6542b670-a795-11ed-aa9a-61a22a00b0f3] called
2023-02-08 10:46:02.432861 /380055934/ [TestPeriodactivate] HttpClientException: 400 Bad Request: IMAGE_PROCESS_FAILED

2023-02-08 10:46:02.440936 /380055934/ [TestPeriodactivate] type 'Null' is not a subtype of type 'String'
#0      changeRegion (file:///home/yukkop/Projects/gwp/vpn-system/vpn-telegram-bot/bin/pages/region/change-region.action.dart:60:28)
<asynchronous suspension>

2023-02-08 10:47:08.010438  [Program starting..] 
2023-02-08 10:47:08.088782  [Server listening on port 8085] 
2023-02-08 10:47:08.970115 /380055934/ [/start] called
2023-02-08 10:47:09.437215 /380055934/ [main-menu] /users status: 200
2023-02-08 10:47:10.886630 /380055934/ [8d7b09d1-a795-11ed-9a23-63ffd8a6ff89] called
2023-02-08 10:47:11.816859 /380055934/ [8d7b09d0-a795-11ed-9a23-63ffd8a6ff89] called
2023-02-08 10:47:13.611388 /380055934/ [8f8c3691-a795-11ed-9a23-63ffd8a6ff89] called
2023-02-08 10:48:06.014651  [Program starting..] 
2023-02-08 10:48:06.090463  [Server listening on port 8085] 
2023-02-08 10:48:10.268466 /380055934/ [b00e0d30-a795-11ed-a4c6-45076cd4b9db] called
2023-02-08 10:48:11.110135 /380055934/ [b00e8260-a795-11ed-a4c6-45076cd4b9db] called
2023-02-08 10:48:12.037650 /380055934/ [b00e5b51-a795-11ed-a4c6-45076cd4b9db] called
2023-02-08 10:48:13.675050 /380055934/ [b37246d0-a795-11ed-a4c6-45076cd4b9db] called
2023-02-08 10:48:45.757227 /380055934/ [b00e8260-a795-11ed-a4c6-45076cd4b9db] called
2023-02-08 10:48:47.272450 /380055934/ [b00e5b51-a795-11ed-a4c6-45076cd4b9db] called
2023-02-08 10:48:48.641885 /380055934/ [b3721fc0-a795-11ed-a4c6-45076cd4b9db] called
2023-02-08 10:48:55.724736 /380055934/ [b00e8260-a795-11ed-a4c6-45076cd4b9db] called
2023-02-08 10:48:57.097970 /380055934/ [b00e5b51-a795-11ed-a4c6-45076cd4b9db] called
2023-02-08 10:48:57.977640 /380055934/ [b37246d0-a795-11ed-a4c6-45076cd4b9db] called
2023-02-08 10:51:41.726105  [Program starting..] 
2023-02-08 10:51:41.799061  [Server listening on port 8085] 
2023-02-08 10:51:45.900127 /380055934/ [309ea630-a796-11ed-9616-e1e82e3d57ee] called
2023-02-08 10:51:46.764454 /380055934/ [309ef452-a796-11ed-9616-e1e82e3d57ee] called
2023-02-08 10:51:47.768549 /380055934/ [309ef451-a796-11ed-9616-e1e82e3d57ee] called
2023-02-08 10:51:48.919803 /380055934/ [34080ff0-a796-11ed-9616-e1e82e3d57ee] called
2023-02-08 10:53:42.004995  [Program starting..] 
2023-02-08 10:53:42.079863  [Server listening on port 8085] 
2023-02-08 10:53:50.018776 /380055934/ [7852d1e0-a796-11ed-b252-39d5d0f4ccc9] called
2023-02-08 10:53:50.849506 /380055934/ [78534710-a796-11ed-b252-39d5d0f4ccc9] called
2023-02-08 10:53:52.328749 /380055934/ [78532000-a796-11ed-b252-39d5d0f4ccc9] called
2023-02-08 10:53:53.328790 /380055934/ [7e450961-a796-11ed-b252-39d5d0f4ccc9] called
2023-02-08 10:55:22.692507  [Program starting..] 
2023-02-08 10:55:22.770448  [Server listening on port 8085] 
2023-02-08 10:55:24.370696 /380055934/ [b45907e0-a796-11ed-bae2-cdac7085140c] called
2023-02-08 10:55:25.247810 /380055934/ [b4597d10-a796-11ed-bae2-cdac7085140c] called
2023-02-08 10:55:26.159588 /380055934/ [b4595601-a796-11ed-bae2-cdac7085140c] called
2023-02-08 10:55:27.604658 /380055934/ [b6331f10-a796-11ed-bae2-cdac7085140c] called
2023-02-08 10:55:38.256719 /380055934/ [b4597d10-a796-11ed-bae2-cdac7085140c] called
2023-02-08 10:55:39.314024 /380055934/ [b4595601-a796-11ed-bae2-cdac7085140c] called
2023-02-08 10:55:40.317683 /380055934/ [b632f800-a796-11ed-bae2-cdac7085140c] called
2023-02-08 10:57:12.107859  [Program starting..] 
2023-02-08 10:57:12.185024  [Server listening on port 8085] 
2023-02-08 11:07:00.724819 /380055934/ [f58ec1a0-a796-11ed-b1c5-bbbc99d2317d] called
2023-02-08 11:07:01.666004 /380055934/ [f58f5de0-a796-11ed-b1c5-bbbc99d2317d] called
2023-02-08 11:07:02.908565 /380055934/ [f58f36d1-a796-11ed-b1c5-bbbc99d2317d] called
2023-02-08 11:07:04.204386 /380055934/ [557e6dd0-a798-11ed-b1c5-bbbc99d2317d] called
2023-02-08 11:10:05.786469 /380055934/ [f58f5de0-a796-11ed-b1c5-bbbc99d2317d] called
2023-02-08 11:10:06.762012 /380055934/ [f58f36d1-a796-11ed-b1c5-bbbc99d2317d] called
2023-02-08 11:10:07.695904 /380055934/ [557e46c0-a798-11ed-b1c5-bbbc99d2317d] called
2023-02-08 11:15:08.677962 /380055934/ [f58f5de0-a796-11ed-b1c5-bbbc99d2317d] called
2023-02-08 11:15:09.878200 /380055934/ [f58f36d1-a796-11ed-b1c5-bbbc99d2317d] called
2023-02-08 11:15:11.003431 /380055934/ [557e6dd0-a798-11ed-b1c5-bbbc99d2317d] called
2023-02-08 11:15:11.662177 /380055934/ [TestPeriodactivate] HttpClientException: 400 Bad Request: IMAGE_PROCESS_FAILED

2023-02-08 11:15:16.252991 /380055934/ [f58f5de0-a796-11ed-b1c5-bbbc99d2317d] called
2023-02-08 11:15:17.275670 /380055934/ [f58f36d0-a796-11ed-b1c5-bbbc99d2317d] called
2023-02-08 11:15:18.202153 /380055934/ [f58ec1a0-a796-11ed-b1c5-bbbc99d2317d] called
2023-02-08 11:15:19.078058 /380055934/ [f58f5de0-a796-11ed-b1c5-bbbc99d2317d] called
2023-02-08 11:15:22.560196 /380055934/ [f58ec1a0-a796-11ed-b1c5-bbbc99d2317d] called
2023-02-08 11:15:23.786450 /380055934/ [f58f5de0-a796-11ed-b1c5-bbbc99d2317d] called
2023-02-08 11:15:24.614660 /380055934/ [f58f36d1-a796-11ed-b1c5-bbbc99d2317d] called
2023-02-08 11:15:25.930656 /380055934/ [557e46c0-a798-11ed-b1c5-bbbc99d2317d] called
2023-02-08 11:15:26.534565 /380055934/ [TestPeriodactivate] HttpClientException: 400 Bad Request: IMAGE_PROCESS_FAILED

2023-02-08 11:16:04.577248 /380055934/ [f58f5de0-a796-11ed-b1c5-bbbc99d2317d] called
2023-02-08 11:16:06.312212 /380055934/ [f58f36d1-a796-11ed-b1c5-bbbc99d2317d] called
2023-02-08 11:16:07.762282 /380055934/ [557e6dd0-a798-11ed-b1c5-bbbc99d2317d] called
2023-02-08 11:16:51.262900 /380055934/ [TestPeriodactivate] HttpClientException: 400 Bad Request: IMAGE_PROCESS_FAILED

2023-02-08 11:16:59.408327  [Program starting..] 
2023-02-08 11:16:59.522809  [Server listening on port 8085] 
2023-02-08 11:17:30.924852 /380055934/ [/start] called
2023-02-08 11:17:31.430980 /380055934/ [main-menu] /users status: 200
2023-02-08 11:17:32.757876 /380055934/ [b9425380-a799-11ed-9759-69f4e8953be1] called
2023-02-08 11:17:33.826722 /380055934/ [b9422c71-a799-11ed-9759-69f4e8953be1] called
2023-02-08 11:17:35.201231 /380055934/ [cd8d5560-a799-11ed-9759-69f4e8953be1] called
2023-02-08 11:18:59.754974  [Program starting..] 
2023-02-08 11:18:59.828965  [Server listening on port 8085] 
2023-02-08 11:20:34.058896 /380055934/ [/start] called
2023-02-08 11:20:36.626653 /380055934/ [main-menu] /users status: 200
2023-02-08 11:20:39.592894 /380055934/ [00fa28b1-a79a-11ed-9b98-8b7413559891] called
2023-02-08 11:20:40.657262 /380055934/ [00fa28b0-a79a-11ed-9b98-8b7413559891] called
2023-02-08 11:20:41.907017 /380055934/ [3cea1790-a79a-11ed-9b98-8b7413559891] called
2023-02-08 11:21:49.659795 /380055934/ [00fa28b1-a79a-11ed-9b98-8b7413559891] called
2023-02-08 11:21:49.666010  [Error] Connection refused
#0      IOClient.send (package:http/src/io_client.dart:88:7)
<asynchronous suspension>
#1      BaseClient._sendUnstreamed (package:http/src/base_client.dart:93:32)
<asynchronous suspension>
#2      _withClient (package:http/http.dart:164:12)
<asynchronous suspension>
#3      dashBoardText.<anonymous closure> (file:///home/yukkop/Projects/gwp/vpn-system/vpn-telegram-bot/bin/pages/dash-board.page.dart:18:7)
<asynchronous suspension>
#4      Page._render (package:vpn_telegram_bot/page-giga-mega-trash/page.hectic-tg.dart:99:21)
<asynchronous suspension>
#5      Page._constructRender.<anonymous closure> (package:vpn_telegram_bot/page-giga-mega-trash/page.hectic-tg.dart:70:7)
<asynchronous suspension>

2023-02-08 11:22:06.019051 /380055934/ [00fa28b1-a79a-11ed-9b98-8b7413559891] called
2023-02-08 11:22:06.021151  [Error] Connection refused
#0      IOClient.send (package:http/src/io_client.dart:88:7)
<asynchronous suspension>
#1      BaseClient._sendUnstreamed (package:http/src/base_client.dart:93:32)
<asynchronous suspension>
#2      _withClient (package:http/http.dart:164:12)
<asynchronous suspension>
#3      dashBoardText.<anonymous closure> (file:///home/yukkop/Projects/gwp/vpn-system/vpn-telegram-bot/bin/pages/dash-board.page.dart:18:7)
<asynchronous suspension>
#4      Page._render (package:vpn_telegram_bot/page-giga-mega-trash/page.hectic-tg.dart:99:21)
<asynchronous suspension>
#5      Page._constructRender.<anonymous closure> (package:vpn_telegram_bot/page-giga-mega-trash/page.hectic-tg.dart:70:7)
<asynchronous suspension>

2023-02-08 11:22:17.317017  [Program starting..] 
2023-02-08 11:22:17.409402  [Server listening on port 8085] 
2023-02-08 11:22:20.880836 /380055934/ [/start] called
2023-02-08 11:22:21.504326 /380055934/ [main-menu] /users status: 200
2023-02-08 11:22:22.573206 /380055934/ [76ca3941-a79a-11ed-bb31-bff88f699855] called
2023-02-08 11:22:26.366122 /380055934/ [76ca3940-a79a-11ed-bb31-bff88f699855] called
2023-02-08 11:22:28.582174 /380055934/ [7bec2870-a79a-11ed-bb31-bff88f699855] called
2023-02-08 11:24:23.935733 /380055934/ [76ca3941-a79a-11ed-bb31-bff88f699855] called
2023-02-08 11:24:25.590072 /380055934/ [76ca3940-a79a-11ed-bb31-bff88f699855] called
2023-02-08 11:24:26.834477 /380055934/ [7bec4f80-a79a-11ed-bb31-bff88f699855] called
2023-02-08 11:26:05.970010 /380055934/ [76ca3941-a79a-11ed-bb31-bff88f699855] called
2023-02-08 11:26:09.041142 /380055934/ [76ca3940-a79a-11ed-bb31-bff88f699855] called
2023-02-08 11:26:10.681407 /380055934/ [7bec4f80-a79a-11ed-bb31-bff88f699855] called
2023-02-08 11:26:28.411118 /380055934/ [76ca3941-a79a-11ed-bb31-bff88f699855] called
2023-02-08 11:26:29.452419 /380055934/ [76ca3940-a79a-11ed-bb31-bff88f699855] called
2023-02-08 11:27:00.256542 /380055934/ [7bec4f80-a79a-11ed-bb31-bff88f699855] called
2023-02-08 11:27:52.696171 /380055934/ [/start] called
2023-02-08 11:28:00.642774 /380055934/ [/start] called
2023-02-08 11:28:07.608558  [Program starting..] 
2023-02-08 11:28:07.686309  [Server listening on port 8085] 
2023-02-08 11:28:15.452990 /380055934/ [/start] called
2023-02-08 11:28:15.462845 /380055934/ [/start] called
2023-02-08 11:28:15.464760 /380055934/ [/start] called
2023-02-08 11:28:15.466895 /380055934/ [/start] called
2023-02-08 11:28:15.977918 /380055934/ [/start] called
2023-02-08 11:28:19.194325 /380055934/ [/start] called
2023-02-08 11:28:36.812748  [Error] Connection closed before full header was received
#0      IOClient.send (package:http/src/io_client.dart:90:7)
<asynchronous suspension>
#1      BaseClient._sendUnstreamed (package:http/src/base_client.dart:93:32)
<asynchronous suspension>
#2      _withClient (package:http/http.dart:164:12)
<asynchronous suspension>
#3      mainMenuKeyboard.<anonymous closure> (file:///home/yukkop/Projects/gwp/vpn-system/vpn-telegram-bot/bin/pages/main.page.dart:83:7)
<asynchronous suspension>
#4      new Keyboard.function.<anonymous closure> (package:vpn_telegram_bot/page-giga-mega-trash/keyboard.hectic-tg.dart:19:29)
<asynchronous suspension>
#5      Page._render (package:vpn_telegram_bot/page-giga-mega-trash/page.hectic-tg.dart:105:38)
<asynchronous suspension>
#6      Page._constructRender.<anonymous closure> (package:vpn_telegram_bot/page-giga-mega-trash/page.hectic-tg.dart:70:7)
<asynchronous suspension>

2023-02-08 11:28:36.813862  [Error] Connection closed before full header was received
#0      IOClient.send (package:http/src/io_client.dart:90:7)
<asynchronous suspension>
#1      BaseClient._sendUnstreamed (package:http/src/base_client.dart:93:32)
<asynchronous suspension>
#2      _withClient (package:http/http.dart:164:12)
<asynchronous suspension>
#3      mainMenuKeyboard.<anonymous closure> (file:///home/yukkop/Projects/gwp/vpn-system/vpn-telegram-bot/bin/pages/main.page.dart:83:7)
<asynchronous suspension>
#4      new Keyboard.function.<anonymous closure> (package:vpn_telegram_bot/page-giga-mega-trash/keyboard.hectic-tg.dart:19:29)
<asynchronous suspension>
#5      Page._render (package:vpn_telegram_bot/page-giga-mega-trash/page.hectic-tg.dart:105:38)
<asynchronous suspension>
#6      Page._constructRender.<anonymous closure> (package:vpn_telegram_bot/page-giga-mega-trash/page.hectic-tg.dart:70:7)
<asynchronous suspension>

2023-02-08 11:28:36.814919  [Error] Connection closed before full header was received
#0      IOClient.send (package:http/src/io_client.dart:90:7)
<asynchronous suspension>
#1      BaseClient._sendUnstreamed (package:http/src/base_client.dart:93:32)
<asynchronous suspension>
#2      _withClient (package:http/http.dart:164:12)
<asynchronous suspension>
#3      mainMenuKeyboard.<anonymous closure> (file:///home/yukkop/Projects/gwp/vpn-system/vpn-telegram-bot/bin/pages/main.page.dart:83:7)
<asynchronous suspension>
#4      new Keyboard.function.<anonymous closure> (package:vpn_telegram_bot/page-giga-mega-trash/keyboard.hectic-tg.dart:19:29)
<asynchronous suspension>
#5      Page._render (package:vpn_telegram_bot/page-giga-mega-trash/page.hectic-tg.dart:105:38)
<asynchronous suspension>
#6      Page._constructRender.<anonymous closure> (package:vpn_telegram_bot/page-giga-mega-trash/page.hectic-tg.dart:70:7)
<asynchronous suspension>

2023-02-08 11:28:36.815971  [Error] Connection closed before full header was received
#0      IOClient.send (package:http/src/io_client.dart:90:7)
<asynchronous suspension>
#1      BaseClient._sendUnstreamed (package:http/src/base_client.dart:93:32)
<asynchronous suspension>
#2      _withClient (package:http/http.dart:164:12)
<asynchronous suspension>
#3      mainMenuKeyboard.<anonymous closure> (file:///home/yukkop/Projects/gwp/vpn-system/vpn-telegram-bot/bin/pages/main.page.dart:83:7)
<asynchronous suspension>
#4      new Keyboard.function.<anonymous closure> (package:vpn_telegram_bot/page-giga-mega-trash/keyboard.hectic-tg.dart:19:29)
<asynchronous suspension>
#5      Page._render (package:vpn_telegram_bot/page-giga-mega-trash/page.hectic-tg.dart:105:38)
<asynchronous suspension>
#6      Page._constructRender.<anonymous closure> (package:vpn_telegram_bot/page-giga-mega-trash/page.hectic-tg.dart:70:7)
<asynchronous suspension>

2023-02-08 11:28:36.817188  [Error] Connection closed before full header was received
#0      IOClient.send (package:http/src/io_client.dart:90:7)
<asynchronous suspension>
#1      BaseClient._sendUnstreamed (package:http/src/base_client.dart:93:32)
<asynchronous suspension>
#2      _withClient (package:http/http.dart:164:12)
<asynchronous suspension>
#3      mainMenuKeyboard.<anonymous closure> (file:///home/yukkop/Projects/gwp/vpn-system/vpn-telegram-bot/bin/pages/main.page.dart:83:7)
<asynchronous suspension>
#4      new Keyboard.function.<anonymous closure> (package:vpn_telegram_bot/page-giga-mega-trash/keyboard.hectic-tg.dart:19:29)
<asynchronous suspension>
#5      Page._render (package:vpn_telegram_bot/page-giga-mega-trash/page.hectic-tg.dart:105:38)
<asynchronous suspension>
#6      Page._constructRender.<anonymous closure> (package:vpn_telegram_bot/page-giga-mega-trash/page.hectic-tg.dart:70:7)
<asynchronous suspension>

2023-02-08 11:28:36.818201  [Error] Connection closed before full header was received
#0      IOClient.send (package:http/src/io_client.dart:90:7)
<asynchronous suspension>
#1      BaseClient._sendUnstreamed (package:http/src/base_client.dart:93:32)
<asynchronous suspension>
#2      _withClient (package:http/http.dart:164:12)
<asynchronous suspension>
#3      mainMenuKeyboard.<anonymous closure> (file:///home/yukkop/Projects/gwp/vpn-system/vpn-telegram-bot/bin/pages/main.page.dart:83:7)
<asynchronous suspension>
#4      new Keyboard.function.<anonymous closure> (package:vpn_telegram_bot/page-giga-mega-trash/keyboard.hectic-tg.dart:19:29)
<asynchronous suspension>
#5      Page._render (package:vpn_telegram_bot/page-giga-mega-trash/page.hectic-tg.dart:105:38)
<asynchronous suspension>
#6      Page._constructRender.<anonymous closure> (package:vpn_telegram_bot/page-giga-mega-trash/page.hectic-tg.dart:70:7)
<asynchronous suspension>

2023-02-08 11:28:50.448914 /380055934/ [/start] called
2023-02-08 11:28:50.454257  [Error] Connection refused
#0      IOClient.send (package:http/src/io_client.dart:88:7)
<asynchronous suspension>
#1      BaseClient._sendUnstreamed (package:http/src/base_client.dart:93:32)
<asynchronous suspension>
#2      _withClient (package:http/http.dart:164:12)
<asynchronous suspension>
#3      mainMenuKeyboard.<anonymous closure> (file:///home/yukkop/Projects/gwp/vpn-system/vpn-telegram-bot/bin/pages/main.page.dart:83:7)
<asynchronous suspension>
#4      new Keyboard.function.<anonymous closure> (package:vpn_telegram_bot/page-giga-mega-trash/keyboard.hectic-tg.dart:19:29)
<asynchronous suspension>
#5      Page._render (package:vpn_telegram_bot/page-giga-mega-trash/page.hectic-tg.dart:105:38)
<asynchronous suspension>
#6      Page._constructRender.<anonymous closure> (package:vpn_telegram_bot/page-giga-mega-trash/page.hectic-tg.dart:70:7)
<asynchronous suspension>

2023-02-08 11:29:13.075595  [Program starting..] 
2023-02-08 11:29:13.152030  [Server listening on port 8085] 
2023-02-08 11:29:14.756412 /380055934/ [/start] called
2023-02-08 11:29:15.217227 /380055934/ [main-menu] /users status: 200
2023-02-08 11:29:17.642579 /380055934/ [6eac0490-a79b-11ed-bd46-53e4b92f92e8] called
2023-02-08 11:29:19.231550 /380055934/ [6eabdd81-a79b-11ed-bd46-53e4b92f92e8] called
2023-02-08 11:29:20.640861 /380055934/ [7202a9a0-a79b-11ed-bd46-53e4b92f92e8] called
2023-02-08 11:29:44.323865 /380055934/ [6eac0490-a79b-11ed-bd46-53e4b92f92e8] called
2023-02-08 11:29:46.744634 /380055934/ [6eabdd81-a79b-11ed-bd46-53e4b92f92e8] called
2023-02-08 11:29:48.030979 /380055934/ [72028290-a79b-11ed-bd46-53e4b92f92e8] called
2023-02-08 11:30:13.752166 /380055934/ [6eac0490-a79b-11ed-bd46-53e4b92f92e8] called
2023-02-08 11:30:14.742533 /380055934/ [6eabdd81-a79b-11ed-bd46-53e4b92f92e8] called
2023-02-08 11:30:15.846024 /380055934/ [72028290-a79b-11ed-bd46-53e4b92f92e8] called
2023-02-08 11:30:32.003038 /380055934/ [6eac0490-a79b-11ed-bd46-53e4b92f92e8] called
2023-02-08 11:30:33.080520 /380055934/ [6eabdd81-a79b-11ed-bd46-53e4b92f92e8] called
2023-02-08 11:30:34.025283 /380055934/ [7202a9a0-a79b-11ed-bd46-53e4b92f92e8] called
2023-02-08 11:30:53.577010 /380055934/ [6eac0490-a79b-11ed-bd46-53e4b92f92e8] called
2023-02-08 11:30:54.803750 /380055934/ [6eabdd81-a79b-11ed-bd46-53e4b92f92e8] called
2023-02-08 11:30:55.944677 /380055934/ [72028290-a79b-11ed-bd46-53e4b92f92e8] called
2023-02-08 11:31:41.319803 /380055934/ [/start] called
2023-02-08 11:31:41.329891  [Error] Connection refused
#0      IOClient.send (package:http/src/io_client.dart:88:7)
<asynchronous suspension>
#1      BaseClient._sendUnstreamed (package:http/src/base_client.dart:93:32)
<asynchronous suspension>
#2      _withClient (package:http/http.dart:164:12)
<asynchronous suspension>
#3      mainMenuKeyboard.<anonymous closure> (file:///home/yukkop/Projects/gwp/vpn-system/vpn-telegram-bot/bin/pages/main.page.dart:83:7)
<asynchronous suspension>
#4      new Keyboard.function.<anonymous closure> (package:vpn_telegram_bot/page-giga-mega-trash/keyboard.hectic-tg.dart:19:29)
<asynchronous suspension>
#5      Page._render (package:vpn_telegram_bot/page-giga-mega-trash/page.hectic-tg.dart:105:38)
<asynchronous suspension>
#6      Page._constructRender.<anonymous closure> (package:vpn_telegram_bot/page-giga-mega-trash/page.hectic-tg.dart:70:7)
<asynchronous suspension>

2023-02-08 11:31:43.160470 /380055934/ [6eac0490-a79b-11ed-bd46-53e4b92f92e8] called
2023-02-08 11:31:43.165322  [Error] Connection refused
#0      IOClient.send (package:http/src/io_client.dart:88:7)
<asynchronous suspension>
#1      BaseClient._sendUnstreamed (package:http/src/base_client.dart:93:32)
<asynchronous suspension>
#2      _withClient (package:http/http.dart:164:12)
<asynchronous suspension>
#3      dashBoardText.<anonymous closure> (file:///home/yukkop/Projects/gwp/vpn-system/vpn-telegram-bot/bin/pages/dash-board.page.dart:18:7)
<asynchronous suspension>
#4      Page._render (package:vpn_telegram_bot/page-giga-mega-trash/page.hectic-tg.dart:99:21)
<asynchronous suspension>
#5      Page._constructRender.<anonymous closure> (package:vpn_telegram_bot/page-giga-mega-trash/page.hectic-tg.dart:70:7)
<asynchronous suspension>

2023-02-08 11:31:51.325760 /380055934/ [/start] called
2023-02-08 11:31:55.658501 /380055934/ [main-menu] /users status: 200
2023-02-08 11:32:02.221900 /380055934/ [6eac0490-a79b-11ed-bd46-53e4b92f92e8] called
2023-02-08 11:32:03.481707 /380055934/ [6eabdd81-a79b-11ed-bd46-53e4b92f92e8] called
2023-02-08 11:32:04.686476 /380055934/ [72028290-a79b-11ed-bd46-53e4b92f92e8] called
2023-02-08 11:35:40.382218  [Program starting..] 
2023-02-08 11:35:40.467890  [Server listening on port 8085] 
2023-02-08 11:36:10.707905  [Program starting..] 
2023-02-08 11:36:10.790070  [Server listening on port 8085] 
2023-02-08 11:36:12.533996 /380055934/ [/start] called
2023-02-08 11:43:01.209805 /380055934/ [/start] called
2023-02-08 11:43:04.832798 /380055934/ [/start] called
2023-02-08 11:43:09.399944  [Error] Connection closed before full header was received
#0      IOClient.send (package:http/src/io_client.dart:90:7)
<asynchronous suspension>
#1      BaseClient._sendUnstreamed (package:http/src/base_client.dart:93:32)
<asynchronous suspension>
#2      _withClient (package:http/http.dart:164:12)
<asynchronous suspension>
#3      mainMenuKeyboard.<anonymous closure> (file:///home/yukkop/Projects/gwp/vpn-system/vpn-telegram-bot/bin/pages/main.page.dart:92:7)
<asynchronous suspension>
#4      new Keyboard.function.<anonymous closure> (package:vpn_telegram_bot/page-giga-mega-trash/keyboard.hectic-tg.dart:19:29)
<asynchronous suspension>
#5      Page._render (package:vpn_telegram_bot/page-giga-mega-trash/page.hectic-tg.dart:105:38)
<asynchronous suspension>
#6      Page._constructRender.<anonymous closure> (package:vpn_telegram_bot/page-giga-mega-trash/page.hectic-tg.dart:70:7)
<asynchronous suspension>

2023-02-08 11:43:09.400768  [Error] Connection closed before full header was received
#0      IOClient.send (package:http/src/io_client.dart:90:7)
<asynchronous suspension>
#1      BaseClient._sendUnstreamed (package:http/src/base_client.dart:93:32)
<asynchronous suspension>
#2      _withClient (package:http/http.dart:164:12)
<asynchronous suspension>
#3      mainMenuKeyboard.<anonymous closure> (file:///home/yukkop/Projects/gwp/vpn-system/vpn-telegram-bot/bin/pages/main.page.dart:92:7)
<asynchronous suspension>
#4      new Keyboard.function.<anonymous closure> (package:vpn_telegram_bot/page-giga-mega-trash/keyboard.hectic-tg.dart:19:29)
<asynchronous suspension>
#5      Page._render (package:vpn_telegram_bot/page-giga-mega-trash/page.hectic-tg.dart:105:38)
<asynchronous suspension>
#6      Page._constructRender.<anonymous closure> (package:vpn_telegram_bot/page-giga-mega-trash/page.hectic-tg.dart:70:7)
<asynchronous suspension>

2023-02-08 11:43:09.401844  [Error] Connection closed before full header was received
#0      IOClient.send (package:http/src/io_client.dart:90:7)
<asynchronous suspension>
#1      BaseClient._sendUnstreamed (package:http/src/base_client.dart:93:32)
<asynchronous suspension>
#2      _withClient (package:http/http.dart:164:12)
<asynchronous suspension>
#3      mainMenuKeyboard.<anonymous closure> (file:///home/yukkop/Projects/gwp/vpn-system/vpn-telegram-bot/bin/pages/main.page.dart:92:7)
<asynchronous suspension>
#4      new Keyboard.function.<anonymous closure> (package:vpn_telegram_bot/page-giga-mega-trash/keyboard.hectic-tg.dart:19:29)
<asynchronous suspension>
#5      Page._render (package:vpn_telegram_bot/page-giga-mega-trash/page.hectic-tg.dart:105:38)
<asynchronous suspension>
#6      Page._constructRender.<anonymous closure> (package:vpn_telegram_bot/page-giga-mega-trash/page.hectic-tg.dart:70:7)
<asynchronous suspension>

2023-02-08 11:43:26.983544  [Program starting..] 
2023-02-08 11:43:27.074915  [Server listening on port 8085] 
2023-02-08 11:43:38.626812 /380055934/ [/start] called
2023-02-08 11:43:38.649090  [Error] Connection refused
#0      IOClient.send (package:http/src/io_client.dart:88:7)
<asynchronous suspension>
#1      BaseClient._sendUnstreamed (package:http/src/base_client.dart:93:32)
<asynchronous suspension>
#2      _withClient (package:http/http.dart:164:12)
<asynchronous suspension>
#3      mainMenuKeyboard.<anonymous closure> (file:///home/yukkop/Projects/gwp/vpn-system/vpn-telegram-bot/bin/pages/main.page.dart:92:7)
<asynchronous suspension>
#4      new Keyboard.function.<anonymous closure> (package:vpn_telegram_bot/page-giga-mega-trash/keyboard.hectic-tg.dart:19:29)
<asynchronous suspension>
#5      Page._render (package:vpn_telegram_bot/page-giga-mega-trash/page.hectic-tg.dart:105:38)
<asynchronous suspension>
#6      Page._constructRender.<anonymous closure> (package:vpn_telegram_bot/page-giga-mega-trash/page.hectic-tg.dart:70:7)
<asynchronous suspension>

2023-02-08 11:44:46.678579 /380055934/ [/start] called
2023-02-08 11:44:52.455636 /380055934/ [main-menu] /users status: 200
2023-02-08 11:44:54.794717 /380055934/ [6bffe570-a79d-11ed-bc40-c389b3a4aff7] called
2023-02-08 11:45:00.043347 /380055934/ [6bffbe60-a79d-11ed-bc40-c389b3a4aff7] called
2023-02-08 11:47:34.779521 /380055934/ [a2c6b930-a79d-11ed-bc40-c389b3a4aff7] called
2023-02-08 11:47:52.332855 /380055934/ [6bffe570-a79d-11ed-bc40-c389b3a4aff7] called
2023-02-08 11:47:57.563941 /380055934/ [6bffbe60-a79d-11ed-bc40-c389b3a4aff7] called
2023-02-08 11:47:59.419875 /380055934/ [a2c69220-a79d-11ed-bc40-c389b3a4aff7] called
2023-02-08 11:48:54.233563 /380055934/ [6bffe570-a79d-11ed-bc40-c389b3a4aff7] called
2023-02-08 11:48:55.347879 /380055934/ [6bffbe60-a79d-11ed-bc40-c389b3a4aff7] called
2023-02-08 11:48:57.235550 /380055934/ [a2c6b930-a79d-11ed-bc40-c389b3a4aff7] called
2023-02-08 11:50:48.536408  [Program starting..] 
2023-02-08 11:50:48.634580  [Server listening on port 8085] 
2023-02-08 11:50:50.882294 /380055934/ [/start] called
2023-02-08 11:50:50.903326  [Error] Connection refused
#0      IOClient.send (package:http/src/io_client.dart:88:7)
<asynchronous suspension>
#1      BaseClient._sendUnstreamed (package:http/src/base_client.dart:93:32)
<asynchronous suspension>
#2      _withClient (package:http/http.dart:164:12)
<asynchronous suspension>
#3      mainMenuKeyboard.<anonymous closure> (file:///home/yukkop/Projects/gwp/vpn-system/vpn-telegram-bot/bin/pages/main.page.dart:92:7)
<asynchronous suspension>
#4      new Keyboard.function.<anonymous closure> (package:vpn_telegram_bot/page-giga-mega-trash/keyboard.hectic-tg.dart:19:29)
<asynchronous suspension>
#5      Page._render (package:vpn_telegram_bot/page-giga-mega-trash/page.hectic-tg.dart:105:38)
<asynchronous suspension>
#6      Page._constructRender.<anonymous closure> (package:vpn_telegram_bot/page-giga-mega-trash/page.hectic-tg.dart:70:7)
<asynchronous suspension>

2023-02-08 11:50:56.596887 /380055934/ [72cb9790-a79e-11ed-8d0c-9dad03c2ee50] called
2023-02-08 11:50:56.598982  [Error] Connection refused
#0      IOClient.send (package:http/src/io_client.dart:88:7)
<asynchronous suspension>
#1      BaseClient._sendUnstreamed (package:http/src/base_client.dart:93:32)
<asynchronous suspension>
#2      _withClient (package:http/http.dart:164:12)
<asynchronous suspension>
#3      mainMenuKeyboard.<anonymous closure> (file:///home/yukkop/Projects/gwp/vpn-system/vpn-telegram-bot/bin/pages/main.page.dart:92:7)
<asynchronous suspension>
#4      new Keyboard.function.<anonymous closure> (package:vpn_telegram_bot/page-giga-mega-trash/keyboard.hectic-tg.dart:19:29)
<asynchronous suspension>
#5      Page._render (package:vpn_telegram_bot/page-giga-mega-trash/page.hectic-tg.dart:105:38)
<asynchronous suspension>
#6      Page._constructRender.<anonymous closure> (package:vpn_telegram_bot/page-giga-mega-trash/page.hectic-tg.dart:70:7)
<asynchronous suspension>

2023-02-08 11:51:01.408797 /380055934/ [/start] called
2023-02-08 11:51:01.411587  [Error] Connection refused
#0      IOClient.send (package:http/src/io_client.dart:88:7)
<asynchronous suspension>
#1      BaseClient._sendUnstreamed (package:http/src/base_client.dart:93:32)
<asynchronous suspension>
#2      _withClient (package:http/http.dart:164:12)
<asynchronous suspension>
#3      mainMenuKeyboard.<anonymous closure> (file:///home/yukkop/Projects/gwp/vpn-system/vpn-telegram-bot/bin/pages/main.page.dart:92:7)
<asynchronous suspension>
#4      new Keyboard.function.<anonymous closure> (package:vpn_telegram_bot/page-giga-mega-trash/keyboard.hectic-tg.dart:19:29)
<asynchronous suspension>
#5      Page._render (package:vpn_telegram_bot/page-giga-mega-trash/page.hectic-tg.dart:105:38)
<asynchronous suspension>
#6      Page._constructRender.<anonymous closure> (package:vpn_telegram_bot/page-giga-mega-trash/page.hectic-tg.dart:70:7)
<asynchronous suspension>

2023-02-08 11:51:12.484197 /380055934/ [72cb9790-a79e-11ed-8d0c-9dad03c2ee50] called
2023-02-08 11:51:15.828764 /380055934/ [72cc0cc1-a79e-11ed-8d0c-9dad03c2ee50] called
2023-02-08 11:51:17.331453 /380055934/ [72cc0cc0-a79e-11ed-8d0c-9dad03c2ee50] called
2023-02-08 11:51:19.052782 /380055934/ [83a84db0-a79e-11ed-8d0c-9dad03c2ee50] called
2023-02-08 11:51:25.408478 /380055934/ [TestPeriodactivate] HttpClientException: 400 Bad Request: IMAGE_PROCESS_FAILED

2023-02-08 11:51:33.963747 /380055934/ [72cc0cc1-a79e-11ed-8d0c-9dad03c2ee50] called
2023-02-08 11:51:37.581120 /380055934/ [72cc0cc0-a79e-11ed-8d0c-9dad03c2ee50] called
2023-02-08 11:51:39.611531 /380055934/ [83a826a0-a79e-11ed-8d0c-9dad03c2ee50] called
2023-02-08 11:51:50.674238 /380055934/ [72cc0cc1-a79e-11ed-8d0c-9dad03c2ee50] called
2023-02-08 11:51:52.934279 /380055934/ [72cc0cc0-a79e-11ed-8d0c-9dad03c2ee50] called
2023-02-08 11:51:58.436568 /380055934/ [83a84db0-a79e-11ed-8d0c-9dad03c2ee50] called
2023-02-08 12:00:29.825536  [Program starting..] 
2023-02-08 12:00:29.900558  [Server listening on port 8085] 
2023-02-08 12:00:35.647785 /380055934/ [cd378580-a79f-11ed-91c4-77e4d2d57b74] called
2023-02-08 12:00:35.657811  [Error] Connection refused
#0      IOClient.send (package:http/src/io_client.dart:88:7)
<asynchronous suspension>
#1      BaseClient._sendUnstreamed (package:http/src/base_client.dart:93:32)
<asynchronous suspension>
#2      _withClient (package:http/http.dart:164:12)
<asynchronous suspension>
#3      mainMenuKeyboard.<anonymous closure> (file:///home/yukkop/Projects/gwp/vpn-system/vpn-telegram-bot/bin/pages/main.page.dart:92:7)
<asynchronous suspension>
#4      new Keyboard.function.<anonymous closure> (package:vpn_telegram_bot/page-giga-mega-trash/keyboard.hectic-tg.dart:19:29)
<asynchronous suspension>
#5      Page._render (package:vpn_telegram_bot/page-giga-mega-trash/page.hectic-tg.dart:105:38)
<asynchronous suspension>
#6      Page._constructRender.<anonymous closure> (package:vpn_telegram_bot/page-giga-mega-trash/page.hectic-tg.dart:70:7)
<asynchronous suspension>

2023-02-08 12:00:50.547183 /380055934/ [/start] called
2023-02-08 12:00:50.550648  [Error] Connection refused
#0      IOClient.send (package:http/src/io_client.dart:88:7)
<asynchronous suspension>
#1      BaseClient._sendUnstreamed (package:http/src/base_client.dart:93:32)
<asynchronous suspension>
#2      _withClient (package:http/http.dart:164:12)
<asynchronous suspension>
#3      mainMenuKeyboard.<anonymous closure> (file:///home/yukkop/Projects/gwp/vpn-system/vpn-telegram-bot/bin/pages/main.page.dart:92:7)
<asynchronous suspension>
#4      new Keyboard.function.<anonymous closure> (package:vpn_telegram_bot/page-giga-mega-trash/keyboard.hectic-tg.dart:19:29)
<asynchronous suspension>
#5      Page._render (package:vpn_telegram_bot/page-giga-mega-trash/page.hectic-tg.dart:105:38)
<asynchronous suspension>
#6      Page._constructRender.<anonymous closure> (package:vpn_telegram_bot/page-giga-mega-trash/page.hectic-tg.dart:70:7)
<asynchronous suspension>

2023-02-08 12:01:19.780486 /380055934/ [/start] called
2023-02-08 12:01:19.783793  [Error] Connection refused
#0      IOClient.send (package:http/src/io_client.dart:88:7)
<asynchronous suspension>
#1      BaseClient._sendUnstreamed (package:http/src/base_client.dart:93:32)
<asynchronous suspension>
#2      _withClient (package:http/http.dart:164:12)
<asynchronous suspension>
#3      mainMenuKeyboard.<anonymous closure> (file:///home/yukkop/Projects/gwp/vpn-system/vpn-telegram-bot/bin/pages/main.page.dart:92:7)
<asynchronous suspension>
#4      new Keyboard.function.<anonymous closure> (package:vpn_telegram_bot/page-giga-mega-trash/keyboard.hectic-tg.dart:19:29)
<asynchronous suspension>
#5      Page._render (package:vpn_telegram_bot/page-giga-mega-trash/page.hectic-tg.dart:105:38)
<asynchronous suspension>
#6      Page._constructRender.<anonymous closure> (package:vpn_telegram_bot/page-giga-mega-trash/page.hectic-tg.dart:70:7)
<asynchronous suspension>

2023-02-08 12:01:23.541285 /380055934/ [/start] called
2023-02-08 12:01:23.544259  [Error] Connection refused
#0      IOClient.send (package:http/src/io_client.dart:88:7)
<asynchronous suspension>
#1      BaseClient._sendUnstreamed (package:http/src/base_client.dart:93:32)
<asynchronous suspension>
#2      _withClient (package:http/http.dart:164:12)
<asynchronous suspension>
#3      mainMenuKeyboard.<anonymous closure> (file:///home/yukkop/Projects/gwp/vpn-system/vpn-telegram-bot/bin/pages/main.page.dart:92:7)
<asynchronous suspension>
#4      new Keyboard.function.<anonymous closure> (package:vpn_telegram_bot/page-giga-mega-trash/keyboard.hectic-tg.dart:19:29)
<asynchronous suspension>
#5      Page._render (package:vpn_telegram_bot/page-giga-mega-trash/page.hectic-tg.dart:105:38)
<asynchronous suspension>
#6      Page._constructRender.<anonymous closure> (package:vpn_telegram_bot/page-giga-mega-trash/page.hectic-tg.dart:70:7)
<asynchronous suspension>

2023-02-08 12:01:25.242853 /380055934/ [cd378580-a79f-11ed-91c4-77e4d2d57b74] called
2023-02-08 12:01:25.245091  [Error] Connection refused
#0      IOClient.send (package:http/src/io_client.dart:88:7)
<asynchronous suspension>
#1      BaseClient._sendUnstreamed (package:http/src/base_client.dart:93:32)
<asynchronous suspension>
#2      _withClient (package:http/http.dart:164:12)
<asynchronous suspension>
#3      mainMenuKeyboard.<anonymous closure> (file:///home/yukkop/Projects/gwp/vpn-system/vpn-telegram-bot/bin/pages/main.page.dart:92:7)
<asynchronous suspension>
#4      new Keyboard.function.<anonymous closure> (package:vpn_telegram_bot/page-giga-mega-trash/keyboard.hectic-tg.dart:19:29)
<asynchronous suspension>
#5      Page._render (package:vpn_telegram_bot/page-giga-mega-trash/page.hectic-tg.dart:105:38)
<asynchronous suspension>
#6      Page._constructRender.<anonymous closure> (package:vpn_telegram_bot/page-giga-mega-trash/page.hectic-tg.dart:70:7)
<asynchronous suspension>

2023-02-08 12:01:39.077255  [Program starting..] 
2023-02-08 12:01:39.160748  [Server listening on port 8085] 
2023-02-08 12:01:41.945117 /380055934/ [/start] called
2023-02-08 12:01:42.395136 /380055934/ [main-menu] /users status: 200
2023-02-08 12:01:44.309289 /380055934/ [f6831da0-a79f-11ed-bd35-cb7f1053c443] called
2023-02-08 12:01:45.902223 /380055934/ [f682f690-a79f-11ed-bd35-cb7f1053c443] called
2023-02-08 12:01:47.014214 /380055934/ [fa531160-a79f-11ed-bd35-cb7f1053c443] called
2023-02-08 12:02:14.803692  [Program starting..] 
2023-02-08 12:02:14.895415  [Server listening on port 8085] 
2023-02-08 12:02:22.593579 /380055934/ [/start] called
2023-02-08 12:02:23.122380 /380055934/ [main-menu] /users status: 200
2023-02-08 12:02:25.837469 /380055934/ [0c6ed731-a7a0-11ed-8f54-f1ab01cb42d3] called
2023-02-08 12:02:27.800292 /380055934/ [0c6ed730-a7a0-11ed-8f54-f1ab01cb42d3] called
2023-02-08 12:02:29.878731 /380055934/ [1348d6a0-a7a0-11ed-8f54-f1ab01cb42d3] called
2023-02-08 12:02:45.567623  [Program starting..] 
2023-02-08 12:02:45.667401  [Server listening on port 8085] 
2023-02-08 12:02:46.715740 /380055934/ [/start] called
2023-02-08 12:02:47.042189 /380055934/ [main-menu] /users status: 200
2023-02-08 12:02:48.595503 /380055934/ [1e62c9b1-a7a0-11ed-8cce-8ddd14556402] called
2023-02-08 12:02:51.482727 /380055934/ [1e62c9b0-a7a0-11ed-8cce-8ddd14556402] called
2023-02-08 12:02:52.806279 /380055934/ [216693d0-a7a0-11ed-8cce-8ddd14556402] called
2023-02-08 12:02:58.444653 /380055934/ [1e62c9b1-a7a0-11ed-8cce-8ddd14556402] called
2023-02-08 12:03:00.143681 /380055934/ [1e627b90-a7a0-11ed-8cce-8ddd14556402] called
2023-02-08 12:03:23.850727 /380055934/ [1e62c9b1-a7a0-11ed-8cce-8ddd14556402] called
2023-02-08 12:03:25.692098 /380055934/ [1e627b90-a7a0-11ed-8cce-8ddd14556402] called
2023-02-08 12:03:27.278104 /380055934/ [35c3e530-a7a0-11ed-8cce-8ddd14556402] called
2023-02-08 12:03:30.118276 /380055934/ [216693d0-a7a0-11ed-8cce-8ddd14556402] called
2023-02-08 12:03:53.453926  [Program starting..] 
2023-02-08 12:03:53.538354  [Server listening on port 8085] 
2023-02-08 12:03:58.232515 /380055934/ [46a07441-a7a0-11ed-81e4-553dfa13d172] called
2023-02-08 12:03:59.409658 /380055934/ [492fd1b0-a7a0-11ed-81e4-553dfa13d172] called
2023-02-08 12:04:01.738119 /380055934/ [4a192040-a7a0-11ed-81e4-553dfa13d172] called
2023-02-08 12:05:20.023802  [Program starting..] 
2023-02-08 12:05:20.102465  [Server listening on port 8085] 
2023-02-08 12:05:33.931360  [Program starting..] 
2023-02-08 12:05:34.006130  [Server listening on port 8085] 
2023-02-08 12:05:35.100522 /380055934/ [/start] called
2023-02-08 12:05:51.748329  [Program starting..] 
2023-02-08 12:05:51.829110  [Server listening on port 8085] 
2023-02-08 12:05:58.494688 /380055934/ [/start] called
2023-02-08 12:05:58.585616  [Error] NoSuchMethodError: The method '[]' was called on null.
Receiver: null
Tried calling: []("id")
#0      Object.noSuchMethod (dart:core-patch/object_patch.dart:38:5)
#1      startMenu.<anonymous closure> (file:///home/yukkop/Projects/gwp/vpn-system/vpn-telegram-bot/bin/pages/main.page.dart:30:40)
<asynchronous suspension>
#2      Page._render (package:vpn_telegram_bot/page-giga-mega-trash/page.hectic-tg.dart:104:14)
<asynchronous suspension>
#3      Page._constructRender.<anonymous closure> (package:vpn_telegram_bot/page-giga-mega-trash/page.hectic-tg.dart:70:7)
<asynchronous suspension>

2023-02-08 12:06:36.703419 /380055934/ [/start] called
2023-02-08 12:07:23.893532  [Program starting..] 
2023-02-08 12:07:23.978330  [Server listening on port 8085] 
2023-02-08 12:07:24.904186 /380055934/ [/start] called
2023-02-08 12:07:25.028700 /380055934/ [main-menu] /users status: 200
2023-02-08 12:07:26.475060 /380055934/ [/start] called
2023-02-08 12:07:26.493988 /380055934/ [main-menu] /users status: 200
2023-02-08 12:07:28.538283 /380055934/ [c460fd50-a7a0-11ed-85c3-13f666d9d700] called
2023-02-08 12:07:30.577017 /380055934/ [c6ba7db0-a7a0-11ed-85c3-13f666d9d700] called
2023-02-08 12:07:45.635755 /380055934/ [c40bff80-a7a0-11ed-85c3-13f666d9d700] called
2023-02-08 12:07:46.773358 /380055934/ [c40b8a50-a7a0-11ed-85c3-13f666d9d700] called
2023-02-08 12:07:49.123562 /380055934/ [c460fd50-a7a0-11ed-85c3-13f666d9d700] called
2023-02-08 12:07:51.380080 /380055934/ [c6baa4c0-a7a0-11ed-85c3-13f666d9d700] called
2023-02-08 12:08:50.590343  [Program starting..] 
2023-02-08 12:08:50.673693  [Server listening on port 8085] 
2023-02-08 12:08:51.635945 /380055934/ [/start] called
2023-02-08 12:08:51.965108 /380055934/ [main-menu] /users status: 200
2023-02-08 12:08:54.589292 /380055934/ [f8133e10-a7a0-11ed-aff7-2f5fd0c2e3cf] called
2023-02-08 12:08:57.904149 /380055934/ [fa087e61-a7a0-11ed-aff7-2f5fd0c2e3cf] called
2023-02-08 12:09:06.442764 /380055934/ [f7e417c0-a7a0-11ed-aff7-2f5fd0c2e3cf] called
2023-02-08 12:09:09.840446 /380055934/ [f7e3f0b1-a7a0-11ed-aff7-2f5fd0c2e3cf] called
2023-02-08 12:09:11.702113 /380055934/ [f7e3a290-a7a0-11ed-aff7-2f5fd0c2e3cf] called
2023-02-08 12:09:14.663185 /380055934/ [f8133e10-a7a0-11ed-aff7-2f5fd0c2e3cf] called
2023-02-08 12:09:16.585865 /380055934/ [fa087e60-a7a0-11ed-aff7-2f5fd0c2e3cf] called
2023-02-08 12:09:29.642129 /380055934/ [/start] called
2023-02-08 12:09:30.105314 /380055934/ [main-menu] /users status: 200
2023-02-08 12:09:39.650281 /380055934/ [f8133e10-a7a0-11ed-aff7-2f5fd0c2e3cf] called
2023-02-08 12:09:42.433491 /380055934/ [fa087e61-a7a0-11ed-aff7-2f5fd0c2e3cf] called
2023-02-08 12:09:51.517869 /380055934/ [f8133e10-a7a0-11ed-aff7-2f5fd0c2e3cf] called
2023-02-08 12:09:53.671121 /380055934/ [fa087e60-a7a0-11ed-aff7-2f5fd0c2e3cf] called
2023-02-08 12:10:45.725174  [Program starting..] 
2023-02-08 12:10:45.806624  [Server listening on port 8085] 
2023-02-08 12:10:47.036955 /380055934/ [/start] called
2023-02-08 12:10:47.532964 /380055934/ [main-menu] /users status: 200
2023-02-08 12:10:49.494267 /380055934/ [3c831430-a7a1-11ed-84ba-093689127c83] called
2023-02-08 12:10:50.716591 /380055934/ [3c82ed21-a7a1-11ed-84ba-093689127c83] called
2023-02-08 12:10:54.445310 /380055934/ [3f0ca540-a7a1-11ed-84ba-093689127c83] called
2023-02-08 12:11:04.003043 /380055934/ [3c831430-a7a1-11ed-84ba-093689127c83] called
2023-02-08 12:11:04.956051 /380055934/ [3c829f00-a7a1-11ed-84ba-093689127c83] called
2023-02-08 12:11:05.907318 /380055934/ [4781b710-a7a1-11ed-84ba-093689127c83] called
2023-02-08 12:11:17.088177 /380055934/ [3f0ca540-a7a1-11ed-84ba-093689127c83] called
2023-02-08 12:39:45.421997  [Program starting..] 
2023-02-08 12:39:45.501779  [Server listening on port 8085] 
2023-02-08 12:39:58.209951 /380055934/ [493c1470-a7a5-11ed-a5c2-8d09eaaeece0] called
2023-02-08 12:39:58.220604  [Error] Connection refused
#0      IOClient.send (package:http/src/io_client.dart:88:7)
<asynchronous suspension>
#1      BaseClient._sendUnstreamed (package:http/src/base_client.dart:93:32)
<asynchronous suspension>
#2      _withClient (package:http/http.dart:164:12)
<asynchronous suspension>
#3      mainMenuKeyboard.<anonymous closure> (file:///home/yukkop/Projects/gwp/vpn-system/vpn-telegram-bot/bin/pages/main.page.dart:93:7)
<asynchronous suspension>
#4      new Keyboard.function.<anonymous closure> (package:vpn_telegram_bot/page-giga-mega-trash/keyboard.hectic-tg.dart:19:29)
<asynchronous suspension>
#5      Page._render (package:vpn_telegram_bot/page-giga-mega-trash/page.hectic-tg.dart:105:38)
<asynchronous suspension>
#6      Page._constructRender.<anonymous closure> (package:vpn_telegram_bot/page-giga-mega-trash/page.hectic-tg.dart:70:7)
<asynchronous suspension>

2023-02-08 12:40:02.421298 /380055934/ [/start] called
2023-02-08 12:40:02.425274  [Error] Connection refused
#0      IOClient.send (package:http/src/io_client.dart:88:7)
<asynchronous suspension>
#1      BaseClient._sendUnstreamed (package:http/src/base_client.dart:93:32)
<asynchronous suspension>
#2      _withClient (package:http/http.dart:164:12)
<asynchronous suspension>
#3      mainMenuKeyboard.<anonymous closure> (file:///home/yukkop/Projects/gwp/vpn-system/vpn-telegram-bot/bin/pages/main.page.dart:93:7)
<asynchronous suspension>
#4      new Keyboard.function.<anonymous closure> (package:vpn_telegram_bot/page-giga-mega-trash/keyboard.hectic-tg.dart:19:29)
<asynchronous suspension>
#5      Page._render (package:vpn_telegram_bot/page-giga-mega-trash/page.hectic-tg.dart:105:38)
<asynchronous suspension>
#6      Page._constructRender.<anonymous closure> (package:vpn_telegram_bot/page-giga-mega-trash/page.hectic-tg.dart:70:7)
<asynchronous suspension>

2023-02-08 12:40:14.249215 /380055934/ [/start] called
2023-02-08 12:40:14.253153  [Error] Connection refused
#0      IOClient.send (package:http/src/io_client.dart:88:7)
<asynchronous suspension>
#1      BaseClient._sendUnstreamed (package:http/src/base_client.dart:93:32)
<asynchronous suspension>
#2      _withClient (package:http/http.dart:164:12)
<asynchronous suspension>
#3      mainMenuKeyboard.<anonymous closure> (file:///home/yukkop/Projects/gwp/vpn-system/vpn-telegram-bot/bin/pages/main.page.dart:93:7)
<asynchronous suspension>
#4      new Keyboard.function.<anonymous closure> (package:vpn_telegram_bot/page-giga-mega-trash/keyboard.hectic-tg.dart:19:29)
<asynchronous suspension>
#5      Page._render (package:vpn_telegram_bot/page-giga-mega-trash/page.hectic-tg.dart:105:38)
<asynchronous suspension>
#6      Page._constructRender.<anonymous closure> (package:vpn_telegram_bot/page-giga-mega-trash/page.hectic-tg.dart:70:7)
<asynchronous suspension>

2023-02-08 12:40:21.669825 /380055934/ [/start] called
2023-02-08 12:40:21.673002  [Error] Connection refused
#0      IOClient.send (package:http/src/io_client.dart:88:7)
<asynchronous suspension>
#1      BaseClient._sendUnstreamed (package:http/src/base_client.dart:93:32)
<asynchronous suspension>
#2      _withClient (package:http/http.dart:164:12)
<asynchronous suspension>
#3      mainMenuKeyboard.<anonymous closure> (file:///home/yukkop/Projects/gwp/vpn-system/vpn-telegram-bot/bin/pages/main.page.dart:93:7)
<asynchronous suspension>
#4      new Keyboard.function.<anonymous closure> (package:vpn_telegram_bot/page-giga-mega-trash/keyboard.hectic-tg.dart:19:29)
<asynchronous suspension>
#5      Page._render (package:vpn_telegram_bot/page-giga-mega-trash/page.hectic-tg.dart:105:38)
<asynchronous suspension>
#6      Page._constructRender.<anonymous closure> (package:vpn_telegram_bot/page-giga-mega-trash/page.hectic-tg.dart:70:7)
<asynchronous suspension>

2023-02-08 12:40:25.001046 /380055934/ [/start] called
2023-02-08 12:40:25.885227 /380055934/ [main-menu] /users status: 200
2023-02-08 12:40:27.617088 /380055934/ [493c89a2-a7a5-11ed-a5c2-8d09eaaeece0] called
2023-02-08 12:40:29.540109 /380055934/ [493c1470-a7a5-11ed-a5c2-8d09eaaeece0] called
2023-02-08 12:40:31.486901 /380055934/ [493c89a2-a7a5-11ed-a5c2-8d09eaaeece0] called
2023-02-08 12:40:32.444385 /380055934/ [493c89a1-a7a5-11ed-a5c2-8d09eaaeece0] called
2023-02-08 12:40:33.600820 /380055934/ [493c1470-a7a5-11ed-a5c2-8d09eaaeece0] called
2023-02-08 12:40:40.229159 /380055934/ [493c89a2-a7a5-11ed-a5c2-8d09eaaeece0] called
2023-02-08 12:40:41.269554 /380055934/ [493c1470-a7a5-11ed-a5c2-8d09eaaeece0] called
2023-02-08 12:40:50.769423 /380055934/ [493c89a2-a7a5-11ed-a5c2-8d09eaaeece0] called
2023-02-08 12:40:51.715029 /380055934/ [493c89a0-a7a5-11ed-a5c2-8d09eaaeece0] called
2023-02-08 12:40:52.846610 /380055934/ [493c89a2-a7a5-11ed-a5c2-8d09eaaeece0] called
2023-02-08 12:40:53.722651 /380055934/ [493c1470-a7a5-11ed-a5c2-8d09eaaeece0] called
2023-02-08 12:40:54.616999 /380055934/ [493c89a2-a7a5-11ed-a5c2-8d09eaaeece0] called
2023-02-08 12:40:58.415737 /380055934/ [493c89a1-a7a5-11ed-a5c2-8d09eaaeece0] called
2023-02-08 12:40:58.526129 /380055934/ [493c89a0-a7a5-11ed-a5c2-8d09eaaeece0] called
2023-02-08 12:42:31.907161  [Program starting..] 
2023-02-08 12:42:31.989954  [Server listening on port 8085] 
2023-02-08 12:42:43.533315  [Program starting..] 
2023-02-08 12:42:43.612771  [Server listening on port 8085] 
2023-02-08 12:42:45.155367 /380055934/ [/start] called
2023-02-08 12:42:45.776968 /380055934/ [main-menu] /users status: 200
2023-02-08 12:42:46.989937 /380055934/ [b361d8d0-a7a5-11ed-99b1-6b4a39dae700] called
2023-02-08 12:42:47.874585 /380055934/ [b361b1c1-a7a5-11ed-99b1-6b4a39dae700] called
2023-02-08 12:42:49.031967 /380055934/ [b36163a0-a7a5-11ed-99b1-6b4a39dae700] called
2023-02-08 12:42:49.988298 /380055934/ [b36163a1-a7a5-11ed-99b1-6b4a39dae700] called
2023-02-08 12:42:50.905177 /380055934/ [b36163a0-a7a5-11ed-99b1-6b4a39dae700] called
2023-02-08 12:42:54.611334 /380055934/ [b361d8d0-a7a5-11ed-99b1-6b4a39dae700] called
2023-02-08 12:42:56.237571 /380055934/ [b361b1c0-a7a5-11ed-99b1-6b4a39dae700] called
2023-02-08 12:42:57.223835 /380055934/ [b361d8d0-a7a5-11ed-99b1-6b4a39dae700] called
2023-02-08 12:42:58.047173 /380055934/ [b361b1c1-a7a5-11ed-99b1-6b4a39dae700] called
2023-02-08 12:42:58.794308 /380055934/ [b36163a0-a7a5-11ed-99b1-6b4a39dae700] called
2023-02-13 15:27:45.810600  [Program starting..] 
2023-02-13 15:27:45.853598  [Server listening on port 8085] 
2023-02-13 16:02:15.377955 /380055934/ [/start] called
2023-02-13 16:02:15.389014  [Error] Connection refused
#0      IOClient.send (package:http/src/io_client.dart:88:7)
<asynchronous suspension>
#1      BaseClient._sendUnstreamed (package:http/src/base_client.dart:93:32)
<asynchronous suspension>
#2      _withClient (package:http/http.dart:164:12)
<asynchronous suspension>
#3      mainMenuKeyboard.<anonymous closure> (file:///home/yukkop/Projects/gwp/vpn-system/vpn-telegram-bot/bin/pages/main.page.dart:93:7)
<asynchronous suspension>
#4      new Keyboard.function.<anonymous closure> (package:vpn_telegram_bot/page-giga-mega-trash/keyboard.hectic-tg.dart:19:29)
<asynchronous suspension>
#5      Page._render (package:vpn_telegram_bot/page-giga-mega-trash/page.hectic-tg.dart:105:38)
<asynchronous suspension>
#6      Page._constructRender.<anonymous closure> (package:vpn_telegram_bot/page-giga-mega-trash/page.hectic-tg.dart:70:7)
<asynchronous suspension>

2023-02-13 16:02:27.882119 /380055934/ [/start] called
2023-02-13 16:02:27.884272  [Error] Connection refused
#0      IOClient.send (package:http/src/io_client.dart:88:7)
<asynchronous suspension>
#1      BaseClient._sendUnstreamed (package:http/src/base_client.dart:93:32)
<asynchronous suspension>
#2      _withClient (package:http/http.dart:164:12)
<asynchronous suspension>
#3      mainMenuKeyboard.<anonymous closure> (file:///home/yukkop/Projects/gwp/vpn-system/vpn-telegram-bot/bin/pages/main.page.dart:93:7)
<asynchronous suspension>
#4      new Keyboard.function.<anonymous closure> (package:vpn_telegram_bot/page-giga-mega-trash/keyboard.hectic-tg.dart:19:29)
<asynchronous suspension>
#5      Page._render (package:vpn_telegram_bot/page-giga-mega-trash/page.hectic-tg.dart:105:38)
<asynchronous suspension>
#6      Page._constructRender.<anonymous closure> (package:vpn_telegram_bot/page-giga-mega-trash/page.hectic-tg.dart:70:7)
<asynchronous suspension>

2023-02-13 16:03:27.374166 /380055934/ [/start] called
2023-02-13 16:03:27.931271 /380055934/ [main-menu] /users status: 200
2023-02-13 16:03:29.802088 /380055934/ [9599fb80-abaa-11ed-a7d0-d9082e6dab3f] called
2023-02-13 16:03:35.638986 /380055934/ [9599ad61-abaa-11ed-a7d0-d9082e6dab3f] called
2023-02-13 16:03:38.593413 /380055934/ [9599d470-abaa-11ed-a7d0-d9082e6dab3f] called
2023-02-13 16:03:39.431534 /380055934/ [9598c300-abaa-11ed-a7d0-d9082e6dab3f] called
2023-02-13 16:03:39.435345  [Error] Converting object to an encodable object failed: Instance of 'DescriptionData'
#0      _JsonStringifier.writeObject (dart:convert/json.dart:794:7)
#1      _JsonStringStringifier.printOn (dart:convert/json.dart:983:17)
#2      _JsonStringStringifier.stringify (dart:convert/json.dart:968:5)
#3      JsonEncoder.convert (dart:convert/json.dart:345:30)
#4      JsonCodec.encode (dart:convert/json.dart:231:45)
#5      jsonEncode (dart:convert/json.dart:114:10)
#6      iokassaReques (file:///home/yukkop/Projects/gwp/vpn-system/vpn-telegram-bot/bin/pages/pay/pay-choice.page.dart:38:21)
#7      payKeyboard.<anonymous closure> (file:///home/yukkop/Projects/gwp/vpn-system/vpn-telegram-bot/bin/pages/pay/pay-choice.page.dart:131:42)
#8      new Keyboard.function.<anonymous closure> (package:vpn_telegram_bot/page-giga-mega-trash/keyboard.hectic-tg.dart:19:43)
#9      Page._render (package:vpn_telegram_bot/page-giga-mega-trash/page.hectic-tg.dart:105:53)
<asynchronous suspension>
#10     Page._constructRender.<anonymous closure> (package:vpn_telegram_bot/page-giga-mega-trash/page.hectic-tg.dart:70:7)
<asynchronous suspension>

2023-02-13 16:17:04.040650  [Program starting..] 
2023-02-13 16:17:04.082143  [Server listening on port 8085] 
2023-02-13 16:17:16.058436 /380055934/ [78d88411-abb1-11ed-89ba-2b3b50bef4ed] called
2023-02-13 16:17:16.940698 /380055934/ [78d8ab20-abb1-11ed-89ba-2b3b50bef4ed] called
2023-02-13 16:17:17.656558 /380055934/ [78d799b0-abb1-11ed-89ba-2b3b50bef4ed] called
2023-02-13 16:17:17.682790  [Error] NoSuchMethodError: The method '[]' was called on null.
Receiver: null
Tried calling: []("confirmation_url")
#0      Object.noSuchMethod (dart:core-patch/object_patch.dart:38:5)
#1      payKeyboard.<anonymous closure> (file:///home/yukkop/Projects/gwp/vpn-system/vpn-telegram-bot/bin/pages/pay/pay-choice.page.dart:148:46)
<asynchronous suspension>
#2      new Keyboard.function.<anonymous closure> (package:vpn_telegram_bot/page-giga-mega-trash/keyboard.hectic-tg.dart:19:29)
<asynchronous suspension>
#3      Page._render (package:vpn_telegram_bot/page-giga-mega-trash/page.hectic-tg.dart:105:38)
<asynchronous suspension>
#4      Page._constructRender.<anonymous closure> (package:vpn_telegram_bot/page-giga-mega-trash/page.hectic-tg.dart:70:7)
<asynchronous suspension>

2023-02-13 16:18:51.880849  [Program starting..] 
2023-02-13 16:18:51.925099  [Server listening on port 8085] 
2023-02-13 16:18:58.675104 /380055934/ [b91bc781-abb1-11ed-ba4e-bbd78195c8ec] called
2023-02-13 16:18:59.811100 /380055934/ [b91bee90-abb1-11ed-ba4e-bbd78195c8ec] called
2023-02-13 16:19:00.453173 /380055934/ [b91b0431-abb1-11ed-ba4e-bbd78195c8ec] called
2023-02-13 16:19:00.486717  [Error] NoSuchMethodError: The method '[]' was called on null.
Receiver: null
Tried calling: []("confirmation_url")
#0      Object.noSuchMethod (dart:core-patch/object_patch.dart:38:5)
#1      payKeyboard.<anonymous closure> (file:///home/yukkop/Projects/gwp/vpn-system/vpn-telegram-bot/bin/pages/pay/pay-choice.page.dart:164:46)
<asynchronous suspension>
#2      new Keyboard.function.<anonymous closure> (package:vpn_telegram_bot/page-giga-mega-trash/keyboard.hectic-tg.dart:19:29)
<asynchronous suspension>
#3      Page._render (package:vpn_telegram_bot/page-giga-mega-trash/page.hectic-tg.dart:105:38)
<asynchronous suspension>
#4      Page._constructRender.<anonymous closure> (package:vpn_telegram_bot/page-giga-mega-trash/page.hectic-tg.dart:70:7)
<asynchronous suspension>

2023-02-13 16:48:36.205659  [Program starting..] 
2023-02-13 16:48:36.246444  [Server listening on port 8085] 
2023-02-13 16:48:44.338260 /380055934/ [e0a7ff91-abb5-11ed-bb0b-916e9c1bc60a] called
2023-02-13 16:48:45.508335 /380055934/ [e0a826a0-abb5-11ed-bb0b-916e9c1bc60a] called
2023-02-13 16:48:46.460934 /380055934/ [e0a71531-abb5-11ed-bb0b-916e9c1bc60a] called
2023-02-13 16:48:46.485501  [Error] NoSuchMethodError: The method '[]' was called on null.
Receiver: null
Tried calling: []("confirmation_url")
#0      Object.noSuchMethod (dart:core-patch/object_patch.dart:38:5)
#1      payKeyboard.<anonymous closure> (file:///home/yukkop/Projects/gwp/vpn-system/vpn-telegram-bot/bin/pages/pay/pay-choice.page.dart:164:46)
<asynchronous suspension>
#2      new Keyboard.function.<anonymous closure> (package:vpn_telegram_bot/page-giga-mega-trash/keyboard.hectic-tg.dart:19:29)
<asynchronous suspension>
#3      Page._render (package:vpn_telegram_bot/page-giga-mega-trash/page.hectic-tg.dart:105:38)
<asynchronous suspension>
#4      Page._constructRender.<anonymous closure> (package:vpn_telegram_bot/page-giga-mega-trash/page.hectic-tg.dart:70:7)
<asynchronous suspension>

2023-02-13 16:53:41.867111  [Program starting..] 
2023-02-13 16:53:41.910953  [Server listening on port 8085] 
2023-02-13 16:53:54.148534 /380055934/ [iokassa event] balance request: Instance of 'Response'
2023-02-13 16:54:14.999390  [Program starting..] 
2023-02-13 16:54:17.625969 /380055934/ [iokassa event] balance request: Instance of 'Response'
2023-02-13 16:58:54.463632  [Program starting..] 
2023-02-13 16:58:54.507285  [Server listening on port 8085] 
2023-02-13 16:58:58.453590 /380055934/ [iokassa event] balance request: null
2023-02-13 16:59:16.509305 /380055934/ [iokassa event] balance request: null
2023-02-13 17:00:28.503714 /380055934/ [iokassa event] balance request: null
2023-02-13 17:01:30.223279  [Program starting..] 
2023-02-13 17:01:30.264548  [Server listening on port 8085] 
2023-02-13 17:01:33.008309 /380055934/ [iokassa event] balance request: null
2023-02-13 17:02:59.033414  [Program starting..] 
2023-02-13 17:02:59.074469  [Server listening on port 8085] 
2023-02-13 17:03:05.388312 /380055934/ [iokassa event] balance request: null
2023-02-13 17:04:24.354791  [Program starting..] 
2023-02-13 17:04:40.331275  [Program starting..] 
2023-02-13 17:06:55.150350  [Program starting..] 
2023-02-13 17:06:55.192596  [Server listening on port 8085] 
2023-02-13 17:07:02.577797 /380055934/ [iokassa event] balance request: Instance of 'Response'
2023-02-13 17:07:56.214795  [Program starting..] 
2023-02-13 17:07:59.882302  [Program starting..] 
2023-02-13 17:08:26.912855  [Program starting..] 
2023-02-13 17:08:26.959724  [Server listening on port 8085] 
2023-02-13 17:08:38.065339 /380055934/ [iokassa event] balance request: Instance of 'Response'
2023-02-13 17:08:42.525416 /380055934/ [iokassa event] balance request: Instance of 'Response'
2023-02-13 17:38:59.650222 /531723391/ [/start] called
2023-02-13 17:39:00.076127 /531723391/ [main-menu] /users status: 200
2023-02-13 17:39:38.812638 /380055934/ [iokassa event] balance request: Instance of 'Response'
2023-02-13 17:40:53.228702 /531723391/ [a6620fd0-abb8-11ed-9417-83c2184dea9f] called
2023-02-13 17:40:55.612391 /531723391/ [a661e8c0-abb8-11ed-9417-83c2184dea9f] called
